Log file open, 01/31/19 11:16:43
LogWindows: Failed to load 'aqProf.dll' (GetLastError=126)
LogWindows: File 'aqProf.dll' does not exist
LogWindows: Failed to load 'VtuneApi.dll' (GetLastError=126)
LogWindows: File 'VtuneApi.dll' does not exist
LogWindows: Failed to load 'VtuneApi32e.dll' (GetLastError=126)
LogWindows: File 'VtuneApi32e.dll' does not exist
LogConsoleResponse: Display: Failed to find resolution value strings in scalability ini. Falling back to default.
LogInit: Display: Running engine for game: HistoryProject
LogPakFile: Registered encryption key '00000000000000000000000000000000': 0 pak files mounted, 0 remain pending
LogPlatformFile: Not using cached read wrapper
LogTaskGraph: Started task graph with 5 named threads and 23 total threads with 3 sets of task threads.
LogStats: Stats thread started at 0.274737
LogD3D11RHI: Loaded GFSDK_Aftermath_Lib.x64.dll
LogICUInternationalization: ICU TimeZone Detection - Raw Offset: -5:00, Platform Override: ''
LogPluginManager: Mounting plugin Paper2D
LogPluginManager: Mounting plugin AISupport
LogPluginManager: Mounting plugin LightPropagationVolume
LogPluginManager: Mounting plugin ActorLayerUtilities
LogPluginManager: Mounting plugin CLionSourceCodeAccess
LogPluginManager: Mounting plugin CodeLiteSourceCodeAccess
LogPluginManager: Mounting plugin GitSourceControl
LogPluginManager: Mounting plugin KDevelopSourceCodeAccess
LogPluginManager: Mounting plugin NullSourceCodeAccess
LogPluginManager: Mounting plugin PerforceSourceControl
LogPluginManager: Mounting plugin SubversionSourceControl
LogPluginManager: Mounting plugin UObjectPlugin
LogPluginManager: Mounting plugin VisualStudioCodeSourceCodeAccess
LogPluginManager: Mounting plugin VisualStudioSourceCodeAccess
LogPluginManager: Mounting plugin XCodeSourceCodeAccess
LogPluginManager: Mounting plugin AssetManagerEditor
LogPluginManager: Mounting plugin CryptoKeys
LogPluginManager: Mounting plugin DataValidation
LogPluginManager: Mounting plugin FacialAnimation
LogPluginManager: Mounting plugin GameplayTagsEditor
LogPluginManager: Mounting plugin MacGraphicsSwitching
LogPluginManager: Mounting plugin MeshEditor
LogPluginManager: Mounting plugin MobileLauncherProfileWizard
LogPluginManager: Mounting plugin PluginBrowser
LogPluginManager: Mounting plugin SpeedTreeImporter
LogPluginManager: Mounting plugin DatasmithContent
LogPluginManager: Mounting plugin VariantManagerContent
LogPluginManager: Mounting plugin AlembicImporter
LogPluginManager: Mounting plugin AppleImageUtils
LogPluginManager: Mounting plugin AppleVision
LogPluginManager: Mounting plugin BackChannel
LogPluginManager: Mounting plugin CharacterAI
LogPluginManager: Mounting plugin GeometryCache
LogPluginManager: Mounting plugin HTML5Networking
LogPluginManager: Mounting plugin PlatformCrypto
LogPluginManager: Mounting plugin ProxyLODPlugin
LogPluginManager: Mounting plugin MagicLeap
LogPluginManager: Mounting plugin MagicLeapMedia
LogPluginManager: Mounting plugin AndroidMedia
LogPluginManager: Mounting plugin AvfMedia
LogPluginManager: Mounting plugin ImgMedia
LogPluginManager: Mounting plugin LinearTimecode
LogPluginManager: Mounting plugin MediaCompositing
LogPluginManager: Mounting plugin MediaPlayerEditor
LogPluginManager: Mounting plugin WebMMedia
LogPluginManager: Mounting plugin WmfMedia
LogPluginManager: Mounting plugin TcpMessaging
LogPluginManager: Mounting plugin UdpMessaging
LogPluginManager: Mounting plugin ActorSequence
LogPluginManager: Mounting plugin LevelSequenceEditor
LogPluginManager: Mounting plugin MatineeToLevelSequence
LogPluginManager: Mounting plugin NetcodeUnitTest
LogPluginManager: Mounting plugin NUTUnrealEngine4
LogPluginManager: Mounting plugin OnlineSubsystemGooglePlay
LogPluginManager: Mounting plugin OnlineSubsystemIOS
LogPluginManager: Mounting plugin OnlineSubsystem
LogPluginManager: Mounting plugin OnlineSubsystemNull
LogPluginManager: Mounting plugin OnlineSubsystemSteam
LogPluginManager: Mounting plugin OnlineSubsystemUtils
LogPluginManager: Mounting plugin LauncherChunkInstaller
LogPluginManager: Mounting plugin AndroidDeviceProfileSelector
LogPluginManager: Mounting plugin AndroidMoviePlayer
LogPluginManager: Mounting plugin AndroidPermission
LogPluginManager: Mounting plugin AppleMoviePlayer
LogPluginManager: Mounting plugin ArchVisCharacter
LogPluginManager: Mounting plugin AudioCapture
LogPluginManager: Mounting plugin CableComponent
LogPluginManager: Mounting plugin CustomMeshComponent
LogPluginManager: Mounting plugin EditableMesh
LogPluginManager: Mounting plugin ExampleDeviceProfileSelector
LogPluginManager: Mounting plugin Firebase
LogPluginManager: Mounting plugin GoogleCloudMessaging
LogPluginManager: Mounting plugin IOSDeviceProfileSelector
LogPluginManager: Mounting plugin LinuxDeviceProfileSelector
LogPluginManager: Mounting plugin LocationServicesBPLibrary
LogPluginManager: Mounting plugin MobilePatchingUtils
LogPluginManager: Mounting plugin OculusVR
LogPluginManager: Mounting plugin AESHandlerComponent
LogPluginManager: Mounting plugin PhysXVehicles
LogPluginManager: Mounting plugin ProceduralMeshComponent
LogPluginManager: Mounting plugin ReplicationGraph
LogPluginManager: Mounting plugin RuntimePhysXCooking
LogPluginManager: Mounting plugin SteamController
LogPluginManager: Mounting plugin SteamVR
LogPluginManager: Mounting plugin WebMMoviePlayer
LogPluginManager: Mounting plugin WindowsMoviePlayer
LogStreaming: Display: Took  0.098s to configure plugins.
LogInit: Using libcurl 7.55.1-DEV
LogInit:  - built for x86_64-pc-win32
LogInit:  - supports SSL with OpenSSL/1.0.2h
LogInit:  - supports HTTP deflate (compression) using libz 1.2.8
LogInit:  - other features:
LogInit:      CURL_VERSION_SSL
LogInit:      CURL_VERSION_LIBZ
LogInit:      CURL_VERSION_IPV6
LogInit:      CURL_VERSION_ASYNCHDNS
LogInit:      CURL_VERSION_LARGEFILE
LogInit:      CURL_VERSION_IDN
LogInit:  CurlRequestOptions (configurable via config and command line):
LogInit:  - bVerifyPeer = true  - Libcurl will verify peer certificate
LogInit:  - bUseHttpProxy = false  - Libcurl will NOT use HTTP proxy
LogInit:  - bDontReuseConnections = false  - Libcurl will reuse connections
LogInit:  - MaxHostConnections = 16  - Libcurl will limit the number of connections to a host
LogInit:  - LocalHostAddr = Default
LogInit:  - BufferSize = 65536
LogOnline: Display: STEAM: Loading Steam SDK 1.39
LogOnline: Warning: STEAM: Steam API disabled!
LogOnline: Display: STEAM: OnlineSubsystemSteam::Shutdown()
LogOnline: OSS: Unable to create OnlineSubsystem module Steam
LogOnline: Verbose: OSS: Created thread (ID:5984).
LogInit: WinSock: version 1.1 (2.2), MaxSocks=32767, MaxUdp=65467
LogInit: Build: ++UE4+Release-4.21-CL-4753647
LogInit: Engine Version: 4.21.2-4753647+++UE4+Release-4.21
LogInit: Compatible Engine Version: 4.21.0-4541578+++UE4+Release-4.21
LogInit: Net CL: 4541578
LogInit: OS: Windows 10 (), CPU: Intel(R) Xeon(R) CPU E5-1630 v3 @ 3.70GHz, GPU: NVIDIA GeForce GTX 1080
LogInit: Compiled (64-bit): Jan 19 2019 02:07:31
LogInit: Compiled with Visual C++: 19.13.26129.00
LogInit: Build Configuration: Development
LogInit: Branch Name: ++UE4+Release-4.21
LogInit: Command Line: 
LogInit: Base Directory: C:/Program Files/Epic Games/UE_4.21/Engine/Binaries/Win64/
LogInit: Installed Engine Build: 1
LogDevObjectVersion: Number of dev versions registered: 22
LogDevObjectVersion:   Dev-Blueprints (B0D832E4-1F89-4F0D-ACCF-7EB736FD4AA2): 10
LogDevObjectVersion:   Dev-Build (E1C64328-A22C-4D53-A36C-8E866417BD8C): 0
LogDevObjectVersion:   Dev-Core (375EC13C-06E4-48FB-B500-84F0262A717E): 2
LogDevObjectVersion:   Dev-Editor (E4B068ED-F494-42E9-A231-DA0B2E46BB41): 26
LogDevObjectVersion:   Dev-Framework (CFFC743F-43B0-4480-9391-14DF171D2073): 34
LogDevObjectVersion:   Dev-Mobile (B02B49B5-BB20-44E9-A304-32B752E40360): 2
LogDevObjectVersion:   Dev-Networking (A4E4105C-59A1-49B5-A7C5-40C4547EDFEE): 0
LogDevObjectVersion:   Dev-Online (39C831C9-5AE6-47DC-9A44-9C173E1C8E7C): 0
LogDevObjectVersion:   Dev-Physics (78F01B33-EBEA-4F98-B9B4-84EACCB95AA2): 0
LogDevObjectVersion:   Dev-Platform (6631380F-2D4D-43E0-8009-CF276956A95A): 0
LogDevObjectVersion:   Dev-Rendering (12F88B9F-8875-4AFC-A67C-D90C383ABD29): 27
LogDevObjectVersion:   Dev-Sequencer (7B5AE74C-D270-4C10-A958-57980B212A5A): 9
LogDevObjectVersion:   Dev-VR (D7296918-1DD6-4BDD-9DE2-64A83CC13884): 2
LogDevObjectVersion:   Dev-LoadTimes (C2A15278-BFE7-4AFE-6C17-90FF531DF755): 1
LogDevObjectVersion:   Private-Geometry (6EACA3D4-40EC-4CC1-B786-8BED09428FC5): 3
LogDevObjectVersion:   Dev-AnimPhys (29E575DD-E0A3-4627-9D10-D276232CDCEA): 17
LogDevObjectVersion:   Dev-Anim (AF43A65D-7FD3-4947-9873-3E8ED9C1BB05): 2
LogDevObjectVersion:   Dev-ReflectionCapture (6B266CEC-1EC7-4B8F-A30B-E4D90942FC07): 1
LogDevObjectVersion:   Dev-Automation (0DF73D61-A23F-47EA-B727-89E90C41499A): 1
LogDevObjectVersion:   FortniteMain (601D1886-AC64-4F84-AA16-D3DE0DEAC7D6): 17
LogDevObjectVersion:   Dev-Enterprise (9DFFBCD6-494F-0158-E221-12823C92A888): 4
LogDevObjectVersion:   Dev-Niagara (F2AED0AC-9AFE-416F-8664-AA7FFA26D6FC): 1
LogStreaming: Display: Took  0.000s to delete old logs.
LogInit: Presizing for max 8388607 objects, including 0 objects not considered by GC, pre-allocating 0 bytes for permanent pool.
LogInit: Object subsystem initialized
LogConfig: Setting CVar [[con.DebugEarlyDefault:1]]
LogConfig: Setting CVar [[r.setres:1280x720]]
[2019.01.31-16.16.43:348][  0]LogConfig: Setting CVar [[r.VSync:0]]
[2019.01.31-16.16.43:348][  0]LogConfig: Setting CVar [[r.RHICmdBypass:0]]
[2019.01.31-16.16.43:348][  0]LogConfig: Setting CVar [[r.setres:1280x1024f]]
[2019.01.31-16.16.43:348][  0]LogConfig: Applying CVar settings from Section [/Script/Engine.RendererSettings] File [D:/HistoryProject/HistoryProject/Saved/Config/Windows/Engine.ini]
[2019.01.31-16.16.43:348][  0]LogConfig: Setting CVar [[r.GPUCrashDebugging:0]]
[2019.01.31-16.16.43:348][  0]LogConfig: Setting CVar [[r.TonemapperFilm:0]]
[2019.01.31-16.16.43:348][  0]LogConfig: Applying CVar settings from Section [/Script/Engine.RendererOverrideSettings] File [D:/HistoryProject/HistoryProject/Saved/Config/Windows/Engine.ini]
[2019.01.31-16.16.43:348][  0]LogConfig: Applying CVar settings from Section [/Script/Engine.StreamingSettings] File [D:/HistoryProject/HistoryProject/Saved/Config/Windows/Engine.ini]
[2019.01.31-16.16.43:348][  0]LogConfig: Setting CVar [[s.MinBulkDataSizeForAsyncLoading:131072]]
[2019.01.31-16.16.43:348][  0]LogConfig: Setting CVar [[s.AsyncLoadingThreadEnabled:1]]
[2019.01.31-16.16.43:348][  0]LogConfig: Setting CVar [[s.EventDrivenLoaderEnabled:1]]
[2019.01.31-16.16.43:348][  0]LogConfig: Setting CVar [[s.WarnIfTimeLimitExceeded:0]]
[2019.01.31-16.16.43:348][  0]LogConfig: Setting CVar [[s.TimeLimitExceededMultiplier:1.5]]
[2019.01.31-16.16.43:348][  0]LogConfig: Setting CVar [[s.TimeLimitExceededMinTime:0.005]]
[2019.01.31-16.16.43:348][  0]LogConfig: Setting CVar [[s.UseBackgroundLevelStreaming:1]]
[2019.01.31-16.16.43:348][  0]LogConfig: Setting CVar [[s.PriorityAsyncLoadingExtraTime:15.0]]
[2019.01.31-16.16.43:348][  0]LogConfig: Setting CVar [[s.LevelStreamingActorsUpdateTimeLimit:5.0]]
[2019.01.31-16.16.43:348][  0]LogConfig: Setting CVar [[s.PriorityLevelStreamingActorsUpdateExtraTime:5.0]]
[2019.01.31-16.16.43:348][  0]LogConfig: Setting CVar [[s.LevelStreamingComponentsRegistrationGranularity:10]]
[2019.01.31-16.16.43:348][  0]LogConfig: Setting CVar [[s.UnregisterComponentsTimeLimit:1.0]]
[2019.01.31-16.16.43:348][  0]LogConfig: Setting CVar [[s.LevelStreamingComponentsUnregistrationGranularity:5]]
[2019.01.31-16.16.43:348][  0]LogConfig: Setting CVar [[s.ProcessPrestreamingRequests:1]]
[2019.01.31-16.16.43:348][  0]LogConfig: Applying CVar settings from Section [/Script/Engine.GarbageCollectionSettings] File [D:/HistoryProject/HistoryProject/Saved/Config/Windows/Engine.ini]
[2019.01.31-16.16.43:348][  0]LogConfig: Setting CVar [[gc.MaxObjectsNotConsideredByGC:50000]]
[2019.01.31-16.16.43:348][  0]LogConfig: Setting CVar [[gc.SizeOfPermanentObjectPool:6900000]]
[2019.01.31-16.16.43:348][  0]LogConfig: Setting CVar [[gc.FlushStreamingOnGC:0]]
[2019.01.31-16.16.43:348][  0]LogConfig: Setting CVar [[gc.NumRetriesBeforeForcingGC:10]]
[2019.01.31-16.16.43:348][  0]LogConfig: Setting CVar [[gc.AllowParallelGC:1]]
[2019.01.31-16.16.43:348][  0]LogConfig: Setting CVar [[gc.TimeBetweenPurgingPendingKillObjects:61.1]]
[2019.01.31-16.16.43:348][  0]LogConfig: Setting CVar [[gc.MaxObjectsInEditor:8388607]]
[2019.01.31-16.16.43:348][  0]LogConfig: Setting CVar [[gc.IncrementalBeginDestroyEnabled:1]]
[2019.01.31-16.16.43:348][  0]LogConfig: Setting CVar [[gc.CreateGCClusters:1]]
[2019.01.31-16.16.43:348][  0]LogConfig: Setting CVar [[gc.MergeGCClusters:0]]
[2019.01.31-16.16.43:348][  0]LogConfig: Setting CVar [[gc.MinGCClusterSize:5]]
[2019.01.31-16.16.43:348][  0]LogConfig: Setting CVar [[gc.ActorClusteringEnabled:1]]
[2019.01.31-16.16.43:348][  0]LogConfig: Setting CVar [[gc.BlueprintClusteringEnabled:1]]
[2019.01.31-16.16.43:348][  0]LogConfig: Setting CVar [[gc.UseDisregardForGCOnDedicatedServers:0]]
[2019.01.31-16.16.43:348][  0]LogConfig: Applying CVar settings from Section [/Script/Engine.NetworkSettings] File [D:/HistoryProject/HistoryProject/Saved/Config/Windows/Engine.ini]
[2019.01.31-16.16.43:348][  0]LogConfig: Applying CVar settings from Section [/Script/UnrealEd.CookerSettings] File [D:/HistoryProject/HistoryProject/Saved/Config/Windows/Engine.ini]
[2019.01.31-16.16.43:353][  0]LogConfig: Applying CVar settings from Section [ViewDistanceQuality@3] File [D:/HistoryProject/HistoryProject/Saved/Config/Windows/Scalability.ini]
[2019.01.31-16.16.43:353][  0]LogConfig: Setting CVar [[r.SkeletalMeshLODBias:0]]
[2019.01.31-16.16.43:353][  0]LogConfig: Setting CVar [[r.ViewDistanceScale:1.0]]
[2019.01.31-16.16.43:353][  0]LogConfig: Applying CVar settings from Section [AntiAliasingQuality@3] File [D:/HistoryProject/HistoryProject/Saved/Config/Windows/Scalability.ini]
[2019.01.31-16.16.43:353][  0]LogConfig: Setting CVar [[r.PostProcessAAQuality:4]]
[2019.01.31-16.16.43:353][  0]LogConfig: Applying CVar settings from Section [ShadowQuality@3] File [D:/HistoryProject/HistoryProject/Saved/Config/Windows/Scalability.ini]
[2019.01.31-16.16.43:353][  0]LogConfig: Setting CVar [[r.LightFunctionQuality:1]]
[2019.01.31-16.16.43:353][  0]LogConfig: Setting CVar [[r.ShadowQuality:5]]
[2019.01.31-16.16.43:353][  0]LogConfig: Setting CVar [[r.Shadow.CSM.MaxCascades:10]]
[2019.01.31-16.16.43:353][  0]LogConfig: Setting CVar [[r.Shadow.MaxResolution:2048]]
[2019.01.31-16.16.43:353][  0]LogConfig: Setting CVar [[r.Shadow.MaxCSMResolution:2048]]
[2019.01.31-16.16.43:353][  0]LogConfig: Setting CVar [[r.Shadow.RadiusThreshold:0.01]]
[2019.01.31-16.16.43:353][  0]LogConfig: Setting CVar [[r.Shadow.DistanceScale:1.0]]
[2019.01.31-16.16.43:353][  0]LogConfig: Setting CVar [[r.Shadow.CSM.TransitionScale:1.0]]
[2019.01.31-16.16.43:353][  0]LogConfig: Setting CVar [[r.Shadow.PreShadowResolutionFactor:1.0]]
[2019.01.31-16.16.43:353][  0]LogConfig: Setting CVar [[r.DistanceFieldShadowing:1]]
[2019.01.31-16.16.43:353][  0]LogConfig: Setting CVar [[r.DistanceFieldAO:1]]
[2019.01.31-16.16.43:353][  0]LogConfig: Setting CVar [[r.AOQuality:2]]
[2019.01.31-16.16.43:353][  0]LogConfig: Setting CVar [[r.VolumetricFog:1]]
[2019.01.31-16.16.43:353][  0]LogConfig: Setting CVar [[r.VolumetricFog.GridPixelSize:8]]
[2019.01.31-16.16.43:353][  0]LogConfig: Setting CVar [[r.VolumetricFog.GridSizeZ:128]]
[2019.01.31-16.16.43:353][  0]LogConfig: Setting CVar [[r.VolumetricFog.HistoryMissSupersampleCount:4]]
[2019.01.31-16.16.43:353][  0]LogConfig: Setting CVar [[r.LightMaxDrawDistanceScale:1]]
[2019.01.31-16.16.43:353][  0]LogConfig: Setting CVar [[r.CapsuleShadows:1]]
[2019.01.31-16.16.43:353][  0]LogConfig: Applying CVar settings from Section [PostProcessQuality@3] File [D:/HistoryProject/HistoryProject/Saved/Config/Windows/Scalability.ini]
[2019.01.31-16.16.43:353][  0]LogConfig: Setting CVar [[r.MotionBlurQuality:4]]
[2019.01.31-16.16.43:353][  0]LogConfig: Setting CVar [[r.AmbientOcclusionMipLevelFactor:0.4]]
[2019.01.31-16.16.43:353][  0]LogConfig: Setting CVar [[r.AmbientOcclusionMaxQuality:100]]
[2019.01.31-16.16.43:353][  0]LogConfig: Setting CVar [[r.AmbientOcclusionLevels:-1]]
[2019.01.31-16.16.43:353][  0]LogConfig: Setting CVar [[r.AmbientOcclusionRadiusScale:1.0]]
[2019.01.31-16.16.43:353][  0]LogConfig: Setting CVar [[r.DepthOfFieldQuality:2]]
[2019.01.31-16.16.43:353][  0]LogConfig: Setting CVar [[r.RenderTargetPoolMin:400]]
[2019.01.31-16.16.43:353][  0]LogConfig: Setting CVar [[r.LensFlareQuality:2]]
[2019.01.31-16.16.43:353][  0]LogConfig: Setting CVar [[r.SceneColorFringeQuality:1]]
[2019.01.31-16.16.43:353][  0]LogConfig: Setting CVar [[r.EyeAdaptationQuality:2]]
[2019.01.31-16.16.43:353][  0]LogConfig: Setting CVar [[r.BloomQuality:5]]
[2019.01.31-16.16.43:353][  0]LogConfig: Setting CVar [[r.FastBlurThreshold:100]]
[2019.01.31-16.16.43:353][  0]LogConfig: Setting CVar [[r.Upscale.Quality:3]]
[2019.01.31-16.16.43:353][  0]LogConfig: Setting CVar [[r.Tonemapper.GrainQuantization:1]]
[2019.01.31-16.16.43:353][  0]LogConfig: Setting CVar [[r.LightShaftQuality:1]]
[2019.01.31-16.16.43:353][  0]LogConfig: Setting CVar [[r.Filter.SizeScale:1]]
[2019.01.31-16.16.43:353][  0]LogConfig: Setting CVar [[r.Tonemapper.Quality:5]]
[2019.01.31-16.16.43:353][  0]LogConfig: Setting CVar [[r.DOF.Gather.AccumulatorQuality:1        ; higher gathering accumulator quality]]
[2019.01.31-16.16.43:353][  0]LogConfig: Setting CVar [[r.DOF.Gather.PostfilterMethod:1          ; Median3x3 postfilering method]]
[2019.01.31-16.16.43:353][  0]LogConfig: Setting CVar [[r.DOF.Gather.EnableBokehSettings:0       ; no bokeh simulation when gathering]]
[2019.01.31-16.16.43:353][  0]LogConfig: Setting CVar [[r.DOF.Gather.RingCount:4                 ; medium number of samples when gathering]]
[2019.01.31-16.16.43:353][  0]LogConfig: Setting CVar [[r.DOF.Scatter.ForegroundCompositing:1    ; additive foreground scattering]]
[2019.01.31-16.16.43:353][  0]LogConfig: Setting CVar [[r.DOF.Scatter.BackgroundCompositing:2    ; additive background scattering]]
[2019.01.31-16.16.43:353][  0]LogConfig: Setting CVar [[r.DOF.Scatter.EnableBokehSettings:1      ; bokeh simulation when scattering]]
[2019.01.31-16.16.43:353][  0]LogConfig: Setting CVar [[r.DOF.Scatter.MaxSpriteRatio:0.1         ; only a maximum of 10% of scattered bokeh]]
[2019.01.31-16.16.43:353][  0]LogConfig: Setting CVar [[r.DOF.Recombine.Quality:1                ; cheap slight out of focus]]
[2019.01.31-16.16.43:353][  0]LogConfig: Setting CVar [[r.DOF.Recombine.EnableBokehSettings:0    ; no bokeh simulation on slight out of focus]]
[2019.01.31-16.16.43:353][  0]LogConfig: Setting CVar [[r.DOF.TemporalAAQuality:1                ; more stable temporal accumulation]]
[2019.01.31-16.16.43:353][  0]LogConfig: Setting CVar [[r.DOF.Kernel.MaxForegroundRadius:0.025]]
[2019.01.31-16.16.43:353][  0]LogConfig: Setting CVar [[r.DOF.Kernel.MaxBackgroundRadius:0.025]]
[2019.01.31-16.16.43:353][  0]LogConfig: Applying CVar settings from Section [TextureQuality@3] File [D:/HistoryProject/HistoryProject/Saved/Config/Windows/Scalability.ini]
[2019.01.31-16.16.43:353][  0]LogConfig: Setting CVar [[r.Streaming.MipBias:0]]
[2019.01.31-16.16.43:353][  0]LogConfig: Setting CVar [[r.Streaming.AmortizeCPUToGPUCopy:0]]
[2019.01.31-16.16.43:353][  0]LogConfig: Setting CVar [[r.Streaming.MaxNumTexturesToStreamPerFrame:0]]
[2019.01.31-16.16.43:353][  0]LogConfig: Setting CVar [[r.Streaming.Boost:1]]
[2019.01.31-16.16.43:353][  0]LogConfig: Setting CVar [[r.MaxAnisotropy:8]]
[2019.01.31-16.16.43:353][  0]LogConfig: Setting CVar [[r.Streaming.LimitPoolSizeToVRAM:0]]
[2019.01.31-16.16.43:353][  0]LogConfig: Setting CVar [[r.Streaming.PoolSize:1000]]
[2019.01.31-16.16.43:353][  0]LogConfig: Setting CVar [[r.Streaming.MaxEffectiveScreenSize:0]]
[2019.01.31-16.16.43:353][  0]LogConfig: Applying CVar settings from Section [EffectsQuality@3] File [D:/HistoryProject/HistoryProject/Saved/Config/Windows/Scalability.ini]
[2019.01.31-16.16.43:353][  0]LogConfig: Setting CVar [[r.TranslucencyLightingVolumeDim:64]]
[2019.01.31-16.16.43:353][  0]LogConfig: Setting CVar [[r.RefractionQuality:2]]
[2019.01.31-16.16.43:353][  0]LogConfig: Setting CVar [[r.SSR.Quality:3]]
[2019.01.31-16.16.43:353][  0]LogConfig: Setting CVar [[r.SceneColorFormat:4]]
[2019.01.31-16.16.43:353][  0]LogConfig: Setting CVar [[r.DetailMode:2]]
[2019.01.31-16.16.43:353][  0]LogConfig: Setting CVar [[r.TranslucencyVolumeBlur:1]]
[2019.01.31-16.16.43:353][  0]LogConfig: Setting CVar [[r.MaterialQualityLevel:1 ; High quality]]
[2019.01.31-16.16.43:353][  0]LogConfig: Setting CVar [[r.SSS.Scale:1]]
[2019.01.31-16.16.43:353][  0]LogConfig: Setting CVar [[r.SSS.SampleSet:2]]
[2019.01.31-16.16.43:353][  0]LogConfig: Setting CVar [[r.SSS.Quality:1]]
[2019.01.31-16.16.43:353][  0]LogConfig: Setting CVar [[r.SSS.HalfRes:1]]
[2019.01.31-16.16.43:353][  0]LogConfig: Setting CVar [[r.EmitterSpawnRateScale:1.0]]
[2019.01.31-16.16.43:353][  0]LogConfig: Setting CVar [[r.ParticleLightQuality:2]]
[2019.01.31-16.16.43:354][  0]LogConfig: Applying CVar settings from Section [FoliageQuality@3] File [D:/HistoryProject/HistoryProject/Saved/Config/Windows/Scalability.ini]
[2019.01.31-16.16.43:354][  0]LogConfig: Setting CVar [[foliage.DensityScale:1.0]]
[2019.01.31-16.16.43:354][  0]LogConfig: Setting CVar [[grass.DensityScale:1.0]]
[2019.01.31-16.16.43:354][  0]LogInit: Selected Device Profile: [Windows]
[2019.01.31-16.16.43:354][  0]LogInit: Applying CVar settings loaded from the selected device profile: [Windows]
[2019.01.31-16.16.43:372][  0]LogHAL: Display: Platform has ~ 32 GB [34258219008 / 34359738368 / 32], which maps to Largest [LargestMinGB=32, LargerMinGB=12, DefaultMinGB=8, SmallerMinGB=6, SmallestMinGB=0)
[2019.01.31-16.16.43:372][  0]LogConfig: Setting CVar [[r.Vulkan.UseRealUBs:1]]
[2019.01.31-16.16.43:373][  0]LogInit: Going up to parent DeviceProfile []
[2019.01.31-16.16.43:373][  0]LogConfig: Applying CVar settings from Section [ViewDistanceQuality@3] File [D:/HistoryProject/HistoryProject/Saved/Config/Windows/Scalability.ini]
[2019.01.31-16.16.43:373][  0]LogConfig: Setting CVar [[r.SkeletalMeshLODBias:0]]
[2019.01.31-16.16.43:373][  0]LogConfig: Setting CVar [[r.ViewDistanceScale:1.0]]
[2019.01.31-16.16.43:373][  0]LogConfig: Applying CVar settings from Section [AntiAliasingQuality@3] File [D:/HistoryProject/HistoryProject/Saved/Config/Windows/Scalability.ini]
[2019.01.31-16.16.43:373][  0]LogConfig: Setting CVar [[r.PostProcessAAQuality:4]]
[2019.01.31-16.16.43:373][  0]LogConfig: Applying CVar settings from Section [ShadowQuality@3] File [D:/HistoryProject/HistoryProject/Saved/Config/Windows/Scalability.ini]
[2019.01.31-16.16.43:373][  0]LogConfig: Setting CVar [[r.LightFunctionQuality:1]]
[2019.01.31-16.16.43:373][  0]LogConfig: Setting CVar [[r.ShadowQuality:5]]
[2019.01.31-16.16.43:373][  0]LogConfig: Setting CVar [[r.Shadow.CSM.MaxCascades:10]]
[2019.01.31-16.16.43:373][  0]LogConfig: Setting CVar [[r.Shadow.MaxResolution:2048]]
[2019.01.31-16.16.43:373][  0]LogConfig: Setting CVar [[r.Shadow.MaxCSMResolution:2048]]
[2019.01.31-16.16.43:373][  0]LogConfig: Setting CVar [[r.Shadow.RadiusThreshold:0.01]]
[2019.01.31-16.16.43:373][  0]LogConfig: Setting CVar [[r.Shadow.DistanceScale:1.0]]
[2019.01.31-16.16.43:373][  0]LogConfig: Setting CVar [[r.Shadow.CSM.TransitionScale:1.0]]
[2019.01.31-16.16.43:373][  0]LogConfig: Setting CVar [[r.Shadow.PreShadowResolutionFactor:1.0]]
[2019.01.31-16.16.43:373][  0]LogConfig: Setting CVar [[r.DistanceFieldShadowing:1]]
[2019.01.31-16.16.43:373][  0]LogConfig: Setting CVar [[r.DistanceFieldAO:1]]
[2019.01.31-16.16.43:373][  0]LogConfig: Setting CVar [[r.AOQuality:2]]
[2019.01.31-16.16.43:373][  0]LogConfig: Setting CVar [[r.VolumetricFog:1]]
[2019.01.31-16.16.43:373][  0]LogConfig: Setting CVar [[r.VolumetricFog.GridPixelSize:8]]
[2019.01.31-16.16.43:373][  0]LogConfig: Setting CVar [[r.VolumetricFog.GridSizeZ:128]]
[2019.01.31-16.16.43:373][  0]LogConfig: Setting CVar [[r.VolumetricFog.HistoryMissSupersampleCount:4]]
[2019.01.31-16.16.43:373][  0]LogConfig: Setting CVar [[r.LightMaxDrawDistanceScale:1]]
[2019.01.31-16.16.43:373][  0]LogConfig: Setting CVar [[r.CapsuleShadows:1]]
[2019.01.31-16.16.43:373][  0]LogConfig: Applying CVar settings from Section [PostProcessQuality@3] File [D:/HistoryProject/HistoryProject/Saved/Config/Windows/Scalability.ini]
[2019.01.31-16.16.43:373][  0]LogConfig: Setting CVar [[r.MotionBlurQuality:4]]
[2019.01.31-16.16.43:373][  0]LogConfig: Setting CVar [[r.AmbientOcclusionMipLevelFactor:0.4]]
[2019.01.31-16.16.43:373][  0]LogConfig: Setting CVar [[r.AmbientOcclusionMaxQuality:100]]
[2019.01.31-16.16.43:373][  0]LogConfig: Setting CVar [[r.AmbientOcclusionLevels:-1]]
[2019.01.31-16.16.43:373][  0]LogConfig: Setting CVar [[r.AmbientOcclusionRadiusScale:1.0]]
[2019.01.31-16.16.43:373][  0]LogConfig: Setting CVar [[r.DepthOfFieldQuality:2]]
[2019.01.31-16.16.43:373][  0]LogConfig: Setting CVar [[r.RenderTargetPoolMin:400]]
[2019.01.31-16.16.43:373][  0]LogConfig: Setting CVar [[r.LensFlareQuality:2]]
[2019.01.31-16.16.43:373][  0]LogConfig: Setting CVar [[r.SceneColorFringeQuality:1]]
[2019.01.31-16.16.43:373][  0]LogConfig: Setting CVar [[r.EyeAdaptationQuality:2]]
[2019.01.31-16.16.43:373][  0]LogConfig: Setting CVar [[r.BloomQuality:5]]
[2019.01.31-16.16.43:373][  0]LogConfig: Setting CVar [[r.FastBlurThreshold:100]]
[2019.01.31-16.16.43:373][  0]LogConfig: Setting CVar [[r.Upscale.Quality:3]]
[2019.01.31-16.16.43:373][  0]LogConfig: Setting CVar [[r.Tonemapper.GrainQuantization:1]]
[2019.01.31-16.16.43:373][  0]LogConfig: Setting CVar [[r.LightShaftQuality:1]]
[2019.01.31-16.16.43:373][  0]LogConfig: Setting CVar [[r.Filter.SizeScale:1]]
[2019.01.31-16.16.43:373][  0]LogConfig: Setting CVar [[r.Tonemapper.Quality:5]]
[2019.01.31-16.16.43:373][  0]LogConfig: Setting CVar [[r.DOF.Gather.AccumulatorQuality:1        ; higher gathering accumulator quality]]
[2019.01.31-16.16.43:373][  0]LogConfig: Setting CVar [[r.DOF.Gather.PostfilterMethod:1          ; Median3x3 postfilering method]]
[2019.01.31-16.16.43:373][  0]LogConfig: Setting CVar [[r.DOF.Gather.EnableBokehSettings:0       ; no bokeh simulation when gathering]]
[2019.01.31-16.16.43:373][  0]LogConfig: Setting CVar [[r.DOF.Gather.RingCount:4                 ; medium number of samples when gathering]]
[2019.01.31-16.16.43:373][  0]LogConfig: Setting CVar [[r.DOF.Scatter.ForegroundCompositing:1    ; additive foreground scattering]]
[2019.01.31-16.16.43:373][  0]LogConfig: Setting CVar [[r.DOF.Scatter.BackgroundCompositing:2    ; additive background scattering]]
[2019.01.31-16.16.43:373][  0]LogConfig: Setting CVar [[r.DOF.Scatter.EnableBokehSettings:1      ; bokeh simulation when scattering]]
[2019.01.31-16.16.43:373][  0]LogConfig: Setting CVar [[r.DOF.Scatter.MaxSpriteRatio:0.1         ; only a maximum of 10% of scattered bokeh]]
[2019.01.31-16.16.43:373][  0]LogConfig: Setting CVar [[r.DOF.Recombine.Quality:1                ; cheap slight out of focus]]
[2019.01.31-16.16.43:373][  0]LogConfig: Setting CVar [[r.DOF.Recombine.EnableBokehSettings:0    ; no bokeh simulation on slight out of focus]]
[2019.01.31-16.16.43:373][  0]LogConfig: Setting CVar [[r.DOF.TemporalAAQuality:1                ; more stable temporal accumulation]]
[2019.01.31-16.16.43:373][  0]LogConfig: Setting CVar [[r.DOF.Kernel.MaxForegroundRadius:0.025]]
[2019.01.31-16.16.43:373][  0]LogConfig: Setting CVar [[r.DOF.Kernel.MaxBackgroundRadius:0.025]]
[2019.01.31-16.16.43:373][  0]LogConfig: Applying CVar settings from Section [TextureQuality@3] File [D:/HistoryProject/HistoryProject/Saved/Config/Windows/Scalability.ini]
[2019.01.31-16.16.43:373][  0]LogConfig: Setting CVar [[r.Streaming.MipBias:0]]
[2019.01.31-16.16.43:373][  0]LogConfig: Setting CVar [[r.Streaming.AmortizeCPUToGPUCopy:0]]
[2019.01.31-16.16.43:373][  0]LogConfig: Setting CVar [[r.Streaming.MaxNumTexturesToStreamPerFrame:0]]
[2019.01.31-16.16.43:373][  0]LogConfig: Setting CVar [[r.Streaming.Boost:1]]
[2019.01.31-16.16.43:373][  0]LogConfig: Setting CVar [[r.MaxAnisotropy:8]]
[2019.01.31-16.16.43:373][  0]LogConfig: Setting CVar [[r.Streaming.LimitPoolSizeToVRAM:0]]
[2019.01.31-16.16.43:373][  0]LogConfig: Setting CVar [[r.Streaming.PoolSize:1000]]
[2019.01.31-16.16.43:373][  0]LogConfig: Setting CVar [[r.Streaming.MaxEffectiveScreenSize:0]]
[2019.01.31-16.16.43:373][  0]LogConfig: Applying CVar settings from Section [EffectsQuality@3] File [D:/HistoryProject/HistoryProject/Saved/Config/Windows/Scalability.ini]
[2019.01.31-16.16.43:373][  0]LogConfig: Setting CVar [[r.TranslucencyLightingVolumeDim:64]]
[2019.01.31-16.16.43:373][  0]LogConfig: Setting CVar [[r.RefractionQuality:2]]
[2019.01.31-16.16.43:373][  0]LogConfig: Setting CVar [[r.SSR.Quality:3]]
[2019.01.31-16.16.43:373][  0]LogConfig: Setting CVar [[r.SceneColorFormat:4]]
[2019.01.31-16.16.43:373][  0]LogConfig: Setting CVar [[r.DetailMode:2]]
[2019.01.31-16.16.43:373][  0]LogConfig: Setting CVar [[r.TranslucencyVolumeBlur:1]]
[2019.01.31-16.16.43:373][  0]LogConfig: Setting CVar [[r.MaterialQualityLevel:1 ; High quality]]
[2019.01.31-16.16.43:373][  0]LogConfig: Setting CVar [[r.SSS.Scale:1]]
[2019.01.31-16.16.43:373][  0]LogConfig: Setting CVar [[r.SSS.SampleSet:2]]
[2019.01.31-16.16.43:373][  0]LogConfig: Setting CVar [[r.SSS.Quality:1]]
[2019.01.31-16.16.43:373][  0]LogConfig: Setting CVar [[r.SSS.HalfRes:1]]
[2019.01.31-16.16.43:373][  0]LogConfig: Setting CVar [[r.EmitterSpawnRateScale:1.0]]
[2019.01.31-16.16.43:373][  0]LogConfig: Setting CVar [[r.ParticleLightQuality:2]]
[2019.01.31-16.16.43:373][  0]LogConfig: Applying CVar settings from Section [FoliageQuality@3] File [D:/HistoryProject/HistoryProject/Saved/Config/Windows/Scalability.ini]
[2019.01.31-16.16.43:373][  0]LogConfig: Setting CVar [[foliage.DensityScale:1.0]]
[2019.01.31-16.16.43:373][  0]LogConfig: Setting CVar [[grass.DensityScale:1.0]]
[2019.01.31-16.16.43:373][  0]LogConfig: Applying CVar settings from Section [Startup] File [../../../Engine/Config/ConsoleVariables.ini]
[2019.01.31-16.16.43:374][  0]LogConfig: Setting CVar [[net.UseAdaptiveNetUpdateFrequency:0]]
[2019.01.31-16.16.43:374][  0]LogConfig: Applying CVar settings from Section [ConsoleVariables] File [D:/HistoryProject/HistoryProject/Saved/Config/Windows/Engine.ini]
[2019.01.31-16.16.43:374][  0]LogInit: Computer: B112-18
[2019.01.31-16.16.43:374][  0]LogInit: User: 100653103
[2019.01.31-16.16.43:374][  0]LogInit: CPU Page size=4096, Cores=4
[2019.01.31-16.16.43:374][  0]LogInit: High frequency timer resolution =3.604934 MHz
[2019.01.31-16.16.43:374][  0]LogMemory: Memory total: Physical=31.9GB (32GB approx)
[2019.01.31-16.16.43:374][  0]LogMemory: Platform Memory Stats for Windows
[2019.01.31-16.16.43:374][  0]LogMemory: Process Physical Memory: 102.93 MB used, 102.93 MB peak
[2019.01.31-16.16.43:374][  0]LogMemory: Process Virtual Memory: 91.86 MB used, 91.86 MB peak
[2019.01.31-16.16.43:374][  0]LogMemory: Physical Memory: 6274.81 MB used,  26396.37 MB free, 32671.18 MB total
[2019.01.31-16.16.43:374][  0]LogMemory: Virtual Memory: 520.41 MB used,  134217208.00 MB free, 134217728.00 MB total
[2019.01.31-16.16.43:532][  0]LogInit: Using OS detected language (en-US).
[2019.01.31-16.16.43:532][  0]LogInit: Using OS detected locale (en-US).
[2019.01.31-16.16.43:533][  0]LogTextLocalizationManager: No specific localization for 'en-US' exists, so the 'en' localization will be used.
[2019.01.31-16.16.43:913][  0]LogStreaming: Display: Took  0.382s to InitEngineTextLocalization.
[2019.01.31-16.16.43:913][  0]LogInit: Setting process to per monitor DPI aware
[2019.01.31-16.16.43:944][  0]LogSlate: New Slate User Created.  User Index 0, Is Virtual User: 0
[2019.01.31-16.16.43:944][  0]LogSlate: Slate User Registered.  User Index 0, Is Virtual User: 0
[2019.01.31-16.16.44:181][  0]LogHMD: Failed to initialize OpenVR with code 110
[2019.01.31-16.16.44:181][  0]LogD3D11RHI: D3D11 adapters:
[2019.01.31-16.16.44:261][  0]LogD3D11RHI:    0. 'NVIDIA GeForce GTX 1080' (Feature Level 11_0)
[2019.01.31-16.16.44:261][  0]LogD3D11RHI:       8084/0/16335 MB DedicatedVideo/DedicatedSystem/SharedSystem, Outputs:2, VendorId:0x10de
[2019.01.31-16.16.44:263][  0]LogD3D11RHI:    1. 'Microsoft Basic Render Driver' (Feature Level 11_0)
[2019.01.31-16.16.44:263][  0]LogD3D11RHI:       0/0/16335 MB DedicatedVideo/DedicatedSystem/SharedSystem, Outputs:0, VendorId:0x1414
[2019.01.31-16.16.44:263][  0]LogD3D11RHI: Chosen D3D11 Adapter: 0
[2019.01.31-16.16.44:266][  0]LogD3D11RHI: Creating new Direct3DDevice
[2019.01.31-16.16.44:266][  0]LogD3D11RHI:     GPU DeviceId: 0x1b80 (for the marketing name, search the web for "GPU Device Id")
[2019.01.31-16.16.44:266][  0]LogWindows: EnumDisplayDevices:
[2019.01.31-16.16.44:266][  0]LogWindows:    0. 'NVIDIA GeForce GTX 1080' (P:1 D:1)
[2019.01.31-16.16.44:266][  0]LogWindows:    1. 'NVIDIA GeForce GTX 1080' (P:0 D:1)
[2019.01.31-16.16.44:267][  0]LogWindows:    2. 'NVIDIA GeForce GTX 1080' (P:0 D:0)
[2019.01.31-16.16.44:267][  0]LogWindows:    3. 'NVIDIA GeForce GTX 1080' (P:0 D:0)
[2019.01.31-16.16.44:267][  0]LogWindows:    4. 'Freedom Scientific Accessibility Display Driver' (P:0 D:0)
[2019.01.31-16.16.44:267][  0]LogWindows:    5. 'LANDesk Remote Control Mirror Driver' (P:0 D:0)
[2019.01.31-16.16.44:267][  0]LogWindows: DebugString: GetVideoDriverDetailsInvalid PrimaryIsNotTheChoosenAdapter GetVideoDriverDetailsInvalid PrimaryIsNotTheChoosenAdapter FoundDriverCount:4 
[2019.01.31-16.16.44:267][  0]LogD3D11RHI:     Adapter Name: NVIDIA GeForce GTX 1080
[2019.01.31-16.16.44:267][  0]LogD3D11RHI:   Driver Version: 398.82 (internal:24.21.13.9882, unified:398.82)
[2019.01.31-16.16.44:267][  0]LogD3D11RHI:      Driver Date: 7-30-2018
[2019.01.31-16.16.44:267][  0]LogRHI: Texture pool is 5659 MB (70% of 8084 MB)
[2019.01.31-16.16.44:307][  0]LogD3D11RHI: Async texture creation enabled
[2019.01.31-16.16.44:326][  0]LogD3D11RHI: GPU Timing Frequency: 1000.000000 (Debug: 2 2)
[2019.01.31-16.16.44:637][  0]LogTemp: Display: Loaded TP AllDesktopTargetPlatform
[2019.01.31-16.16.44:651][  0]LogTemp: Display: Loaded TP MacClientTargetPlatform
[2019.01.31-16.16.44:665][  0]LogTemp: Display: Loaded TP MacNoEditorTargetPlatform
[2019.01.31-16.16.44:680][  0]LogTemp: Display: Loaded TP MacServerTargetPlatform
[2019.01.31-16.16.44:700][  0]LogTemp: Display: Loaded TP MacTargetPlatform
[2019.01.31-16.16.44:714][  0]LogTemp: Display: Loaded TP WindowsClientTargetPlatform
[2019.01.31-16.16.44:728][  0]LogTemp: Display: Loaded TP WindowsNoEditorTargetPlatform
[2019.01.31-16.16.44:741][  0]LogTemp: Display: Loaded TP WindowsServerTargetPlatform
[2019.01.31-16.16.44:747][  0]LogTemp: Display: Loaded TP WindowsTargetPlatform
[2019.01.31-16.16.44:832][  0]LogTemp: Display: Loaded TP AndroidTargetPlatform
[2019.01.31-16.16.44:832][  0]LogTemp: Display: Loaded TP AndroidTargetPlatform
[2019.01.31-16.16.44:832][  0]LogTemp: Display: Loaded TP AndroidTargetPlatform
[2019.01.31-16.16.44:832][  0]LogTemp: Display: Loaded TP AndroidTargetPlatform
[2019.01.31-16.16.44:832][  0]LogTemp: Display: Loaded TP AndroidTargetPlatform
[2019.01.31-16.16.44:832][  0]LogTemp: Display: Loaded TP AndroidTargetPlatform
[2019.01.31-16.16.44:832][  0]LogTemp: Display: Loaded TP AndroidTargetPlatform
[2019.01.31-16.16.44:832][  0]LogTemp: Display: Loaded TP AndroidTargetPlatform
[2019.01.31-16.16.44:832][  0]LogTemp: Display: Loaded TP AndroidTargetPlatform
[2019.01.31-16.16.44:832][  0]LogTemp: Display: Loaded TP AndroidTargetPlatform
[2019.01.31-16.16.44:832][  0]LogTemp: Display: Loaded TP AndroidTargetPlatform
[2019.01.31-16.16.44:832][  0]LogTemp: Display: Loaded TP AndroidTargetPlatform
[2019.01.31-16.16.44:832][  0]LogTemp: Display: Loaded TP AndroidTargetPlatform
[2019.01.31-16.16.44:832][  0]LogTemp: Display: Loaded TP AndroidTargetPlatform
[2019.01.31-16.16.44:832][  0]LogTemp: Display: Loaded TP AndroidTargetPlatform
[2019.01.31-16.16.44:832][  0]LogTemp: Display: Loaded TP AndroidTargetPlatform
[2019.01.31-16.16.44:832][  0]LogTemp: Display: Loaded TP AndroidTargetPlatform
[2019.01.31-16.16.44:832][  0]LogTemp: Display: Loaded TP AndroidTargetPlatform
[2019.01.31-16.16.44:833][  0]LogTemp: Display: Loaded TP HTML5TargetPlatform
[2019.01.31-16.16.44:902][  0]LogTemp: Display: Loaded TP IOSTargetPlatform
[2019.01.31-16.16.44:902][  0]LogTemp: Display: Loaded TP IOSTargetPlatform
[2019.01.31-16.16.44:927][  0]LogTemp: Display: Loaded TP TVOSTargetPlatform
[2019.01.31-16.16.44:927][  0]LogTemp: Display: Loaded TP TVOSTargetPlatform
[2019.01.31-16.16.44:940][  0]LogTemp: Display: Loaded TP LinuxClientTargetPlatform
[2019.01.31-16.16.44:954][  0]LogTemp: Display: Loaded TP LinuxNoEditorTargetPlatform
[2019.01.31-16.16.44:966][  0]LogTemp: Display: Loaded TP LinuxServerTargetPlatform
[2019.01.31-16.16.44:987][  0]LogTemp: Display: Loaded TP LinuxTargetPlatform
[2019.01.31-16.16.45:038][  0]LogTemp: Display: Loaded TP LuminTargetPlatform
[2019.01.31-16.16.45:038][  0]LogTemp: Display: Loaded TP LuminTargetPlatform
[2019.01.31-16.16.45:038][  0]LogTargetPlatformManager: Display: Building Assets For Windows
[2019.01.31-16.16.45:092][  0]LogShaderCompilers: Guid format shader working directory is 18 characters bigger than the processId version (D:/HistoryProject/HistoryProject/Intermediate/Shaders/WorkingDirectory/7880/).
[2019.01.31-16.16.45:092][  0]LogShaderCompilers: Cleaned the shader compiler working directory 'C:/Users/100653103/AppData/Local/Temp/UnrealShaderWorkingDir/26D5117B493080F80759E994959D8B50/'.
[2019.01.31-16.16.45:094][  0]LogXGEController: Cleaning working directory: C:/Users/100653103/AppData/Local/Temp/UnrealXGEWorkingDir/
[2019.01.31-16.16.45:094][  0]LogXGEController: Cannot use XGE Controller as Incredibuild is not installed on this machine.
[2019.01.31-16.16.45:094][  0]LogShaderCompilers: Cannot use XGE Shader Compiler as Incredibuild is not installed on this machine.
[2019.01.31-16.16.45:094][  0]LogShaderCompilers: Display: Using Local Shader Compiler.
[2019.01.31-16.16.45:702][  0]LogDerivedDataCache: Display: Max Cache Size: 512 MB
[2019.01.31-16.16.45:775][  0]LogDerivedDataCache: Loaded boot cache 0.07s 98MB C:/Users/100653103/AppData/Local/UnrealEngine/4.21/DerivedDataCache/Boot.ddc.
[2019.01.31-16.16.45:775][  0]LogDerivedDataCache: Display: Loaded Boot cache: C:/Users/100653103/AppData/Local/UnrealEngine/4.21/DerivedDataCache/Boot.ddc
[2019.01.31-16.16.45:776][  0]LogDerivedDataCache: FDerivedDataBackendGraph:  Pak pak cache file D:/HistoryProject/HistoryProject/DerivedDataCache/DDC.ddp not found, will not use a pak cache.
[2019.01.31-16.16.45:776][  0]LogDerivedDataCache: Unable to find inner node Pak for hierarchical cache Hierarchy.
[2019.01.31-16.16.45:794][  0]LogDerivedDataCache: Display: Pak cache opened for reading D:/HistoryProject/HistoryProject/DerivedDataCache/Compressed.ddp.
[2019.01.31-16.16.45:812][  0]LogDerivedDataCache: Display: Pak cache opened for reading ../../../Engine/DerivedDataCache/Compressed.ddp.
[2019.01.31-16.16.45:812][  0]LogDerivedDataCache: FDerivedDataBackendGraph:  EnterprisePak pak cache file ../../../Enterprise/DerivedDataCache/Compressed.ddp not found, will not use a pak cache.
[2019.01.31-16.16.45:812][  0]LogDerivedDataCache: Unable to find inner node EnterprisePak for hierarchical cache Hierarchy.
[2019.01.31-16.16.45:824][  0]LogDerivedDataCache: Using Local data cache path C:/Users/100653103/AppData/Local/UnrealEngine/Common/DerivedDataCache: Writable
[2019.01.31-16.16.45:824][  0]LogDerivedDataCache: Shared data cache path not found in *engine.ini, will not use an Shared cache.
[2019.01.31-16.16.45:824][  0]LogDerivedDataCache: Unable to find inner node Shared for hierarchical cache Hierarchy.
[2019.01.31-16.16.45:848][  0]LogMaterial: Verifying Global Shaders for PCD3D_SM5
[2019.01.31-16.16.45:850][  0]LogSlate: Using FreeType 2.6.0
[2019.01.31-16.16.45:850][  0]LogSlate: SlateFontServices - WITH_FREETYPE: 1, WITH_HARFBUZZ: 1
[2019.01.31-16.16.45:935][  0]LogAssetRegistry: FAssetRegistry took 0.0329 seconds to start up
[2019.01.31-16.16.46:270][  0]LogInit: Selected Device Profile: [Windows]
[2019.01.31-16.16.46:420][  0]LogSimplygon: Simplygon DLL not present - disabling.
[2019.01.31-16.16.46:424][  0]LogMeshReduction: Using SimplygonSwarm for distributed automatic mesh merging
[2019.01.31-16.16.46:424][  0]LogMeshReduction: Using ProxyLODMeshReduction for automatic mesh merging
[2019.01.31-16.16.46:424][  0]LogMeshReduction: Using QuadricMeshReduction for automatic static mesh reduction
[2019.01.31-16.16.46:424][  0]LogMeshReduction: No automatic skeletal mesh reduction module available
[2019.01.31-16.16.46:435][  0]LogNetVersion: HistoryProject 1.0.0, NetCL: 4541578, EngineNetVer: 5, GameNetVer: 0 (Checksum: 2864885423)
[2019.01.31-16.16.46:951][  0]LogPackageLocalizationCache: Processed 11 localized package path(s) for 2 prioritized culture(s) in 0.113480 seconds
[2019.01.31-16.16.46:958][  0]LogUObjectArray: 39784 objects as part of root set at end of initial load.
[2019.01.31-16.16.46:958][  0]LogUObjectAllocator: 6925464 out of 0 bytes used by permanent object pool.
[2019.01.31-16.16.46:958][  0]LogUObjectArray: CloseDisregardForGC: 0/0 objects in disregard for GC pool
[2019.01.31-16.16.47:970][  0]LogTcpMessaging: Initializing TcpMessaging bridge
[2019.01.31-16.16.47:984][  0]LogUdpMessaging: Initializing bridge on interface 0.0.0.0:0 to multicast group 230.0.0.1:6666.
[2019.01.31-16.16.49:837][  0]SourceControl: Source control is disabled
[2019.01.31-16.16.49:837][  0]SourceControl: Source control is disabled
[2019.01.31-16.16.49:838][  0]SourceControl: Source control is disabled
[2019.01.31-16.16.49:839][  0]SourceControl: Source control is disabled
[2019.01.31-16.16.50:016][  0]LogAndroidPermission: UAndroidPermissionCallbackProxy::GetInstance
[2019.01.31-16.16.50:054][  0]LogOcInput: OculusInput pre-init called
[2019.01.31-16.16.50:189][  0]LogEngine: Initializing Engine...
[2019.01.31-16.16.50:190][  0]LogHMD: Failed to initialize OpenVR with code 110
[2019.01.31-16.16.50:192][  0]LogStats: UGameplayTagsManager::ConstructGameplayTagTree: ImportINI prefixes -  0.000 s
[2019.01.31-16.16.50:192][  0]LogStats: UGameplayTagsManager::ConstructGameplayTagTree: Construct from data asset -  0.000 s
[2019.01.31-16.16.50:192][  0]LogStats: UGameplayTagsManager::ConstructGameplayTagTree: ImportINI -  0.000 s
[2019.01.31-16.16.50:192][  0]LogStats: UGameplayTagsManager::ConstructGameplayTagTree: GameplayTagTreeChangedEvent.Broadcast -  0.000 s
[2019.01.31-16.16.50:431][  0]LogInit: Initializing FReadOnlyCVARCache
[2019.01.31-16.16.50:445][  0]LogAIModule: Creating AISystem for world Untitled
[2019.01.31-16.16.50:452][  0]LogInit: XAudio2 using 'Speakers (Realtek High Definition Audio)' : 2 channels at 48 kHz using 32 bits per sample (channel mask 0x3)
[2019.01.31-16.16.50:530][  0]LogInit: FAudioDevice initialized.
[2019.01.31-16.16.50:530][  0]LogNetVersion: Set ProjectVersion to 1.0.0.0. Version Checksum will be recalculated on next use.
[2019.01.31-16.16.50:625][  0]LogDerivedDataCache: Saved boot cache 0.10s 98MB C:/Users/100653103/AppData/Local/UnrealEngine/4.21/DerivedDataCache/Boot.ddc.
[2019.01.31-16.16.50:636][  0]LogInit: Texture streaming: Enabled
[2019.01.31-16.16.50:650][  0]LogAnalytics: [UEEditor.Rocket.Release] APIServer = https://datarouter.ol.epicgames.com/. AppVersion = 4.21.2-4753647+++UE4+Release-4.21
[2019.01.31-16.16.50:650][  0]LogAnalytics: [UEEditor.Rocket.Release] SetUserId e8569f9741883550258708877298ee17|4129bf30eb08410b8d039ebf646d993b|071fc76d-c16c-4e9a-8edf-8ca64c8b6d42
[2019.01.31-16.16.50:652][  0]LogAnalytics: [UEEditor.Rocket.Release] AnalyticsET::StartSession
[2019.01.31-16.16.50:652][  0]LogEngineSessionManager: EngineSessionManager initialized
[2019.01.31-16.16.50:662][  0]LogInit: Transaction tracking system initialized
[2019.01.31-16.16.50:683][  0]BlueprintLog: New page: Editor Load
[2019.01.31-16.16.50:794][  0]LocalizationService: Localization service is disabled
[2019.01.31-16.16.51:273][  0]LogFileCache: Scanning file cache for directory 'D:/HistoryProject/HistoryProject/Content/' took 0.02s
[2019.01.31-16.16.51:273][  0]LogCook: Display: Max memory allowance for cook 16384mb min free memory 0mb
[2019.01.31-16.16.51:273][  0]LogCook: Display: Mobile HDR setting 1
[2019.01.31-16.16.51:273][  0]LogGameplayTags: Display: UGameplayTagsManager::DoneAddingNativeTags. DelegateIsBound: 0
[2019.01.31-16.16.51:273][  0]LogStats: UGameplayTagsManager::ConstructGameplayTagTree: ImportINI prefixes -  0.000 s
[2019.01.31-16.16.51:273][  0]LogStats: UGameplayTagsManager::ConstructGameplayTagTree: Construct from data asset -  0.000 s
[2019.01.31-16.16.51:273][  0]LogStats: UGameplayTagsManager::ConstructGameplayTagTree: ImportINI -  0.000 s
[2019.01.31-16.16.51:273][  0]LogStats: UGameplayTagsManager::ConstructGameplayTagTree: GameplayTagTreeChangedEvent.Broadcast -  0.000 s
[2019.01.31-16.16.51:368][  0]SourceControl: Source control is disabled
[2019.01.31-16.16.51:368][  0]Cmd: MAP LOAD FILE="D:/HistoryProject/HistoryProject/Content/Team_C/Map/HistoryProject.umap" TEMPLATE=0 SHOWPROGRESS=1 FEATURELEVEL=3
[2019.01.31-16.16.51:369][  0]LightingResults: New page: Lighting Build
[2019.01.31-16.16.51:371][  0]MapCheck: New page: Map Check
[2019.01.31-16.16.51:371][  0]LightingResults: New page: Lighting Build
[2019.01.31-16.16.51:513][  0]LogAIModule: Creating AISystem for world HistoryProject
[2019.01.31-16.16.51:517][  0]LogEditorServer: Finished looking for orphan Actors (0.000 secs)
[2019.01.31-16.16.51:538][  0]Cmd: MAP CHECKDEP NOCLEARLOG
[2019.01.31-16.16.51:538][  0]MapCheck: Map check complete: 0 Error(s), 0 Warning(s), took 0.083ms to complete.
[2019.01.31-16.16.51:538][  0]LogFileHelpers: Loading map 'HistoryProject' took 0.170
[2019.01.31-16.16.51:592][  0]LogWindowsTextInputMethodSystem: Display: IME system now deactivated.
[2019.01.31-16.16.51:666][  0]LogSlate: Updating window title bar state: overlay mode, drag disabled, window buttons hidden, title bar hidden
[2019.01.31-16.16.51:673][  0]LogSlate: Updating window title bar state: overlay mode, drag disabled, window buttons hidden, title bar hidden
[2019.01.31-16.16.51:678][  0]LogSlate: Updating window title bar state: overlay mode, drag disabled, window buttons hidden, title bar hidden
[2019.01.31-16.16.51:684][  0]LogSlate: Updating window title bar state: overlay mode, drag disabled, window buttons hidden, title bar hidden
[2019.01.31-16.16.51:689][  0]LogCollectionManager: Loaded 0 collections in 0.001075 seconds
[2019.01.31-16.16.51:714][  0]LogFileCache: Scanning file cache for directory 'D:/HistoryProject/HistoryProject/Saved/Collections/' took 0.01s
[2019.01.31-16.16.51:714][  0]LogFileCache: Scanning file cache for directory 'D:/HistoryProject/HistoryProject/Content/Developers/100653103/Collections/' took 0.01s
[2019.01.31-16.16.51:714][  0]LogFileCache: Scanning file cache for directory 'D:/HistoryProject/HistoryProject/Content/Collections/' took 0.00s
[2019.01.31-16.16.51:714][  0]LogCollectionManager: Rebuilt the GUID cache for 0 collections in 0.000000 seconds
[2019.01.31-16.16.51:723][  0]LogContentBrowser: Native class hierarchy populated in 0.0089 seconds. Added 2717 classes and 642 folders.
[2019.01.31-16.16.51:728][  0]LogContentBrowser: Native class hierarchy updated for 'WidgetCarousel' in 0.0003 seconds. Added 0 classes and 0 folders.
[2019.01.31-16.16.51:729][  0]LogPakFile: Registered encryption key '00000000000000000000000000000000': 0 pak files mounted, 0 remain pending
[2019.01.31-16.16.51:730][  0]LogPakFile: Registered encryption key '00000000000000000000000000000000': 0 pak files mounted, 0 remain pending
[2019.01.31-16.16.51:730][  0]LogPakFile: Registered encryption key '00000000000000000000000000000000': 0 pak files mounted, 0 remain pending
[2019.01.31-16.16.51:731][  0]LogPakFile: Registered encryption key '00000000000000000000000000000000': 0 pak files mounted, 0 remain pending
[2019.01.31-16.16.51:731][  0]LogPakFile: Registered encryption key '00000000000000000000000000000000': 0 pak files mounted, 0 remain pending
[2019.01.31-16.16.51:731][  0]LogPakFile: Registered encryption key '00000000000000000000000000000000': 0 pak files mounted, 0 remain pending
[2019.01.31-16.16.51:732][  0]LogPakFile: Registered encryption key '00000000000000000000000000000000': 0 pak files mounted, 0 remain pending
[2019.01.31-16.16.51:732][  0]LogPakFile: Registered encryption key '00000000000000000000000000000000': 0 pak files mounted, 0 remain pending
[2019.01.31-16.16.51:733][  0]LogPakFile: Registered encryption key '00000000000000000000000000000000': 0 pak files mounted, 0 remain pending
[2019.01.31-16.16.51:733][  0]LogPakFile: Registered encryption key '00000000000000000000000000000000': 0 pak files mounted, 0 remain pending
[2019.01.31-16.16.51:734][  0]LogPakFile: Registered encryption key '00000000000000000000000000000000': 0 pak files mounted, 0 remain pending
[2019.01.31-16.16.51:734][  0]LogPakFile: Registered encryption key '00000000000000000000000000000000': 0 pak files mounted, 0 remain pending
[2019.01.31-16.16.51:735][  0]LogPakFile: Registered encryption key '00000000000000000000000000000000': 0 pak files mounted, 0 remain pending
[2019.01.31-16.16.51:735][  0]LogPakFile: Registered encryption key '00000000000000000000000000000000': 0 pak files mounted, 0 remain pending
[2019.01.31-16.16.51:735][  0]LogPakFile: Registered encryption key '00000000000000000000000000000000': 0 pak files mounted, 0 remain pending
[2019.01.31-16.16.51:736][  0]LogPakFile: Registered encryption key '00000000000000000000000000000000': 0 pak files mounted, 0 remain pending
[2019.01.31-16.16.51:736][  0]LogPakFile: Registered encryption key '00000000000000000000000000000000': 0 pak files mounted, 0 remain pending
[2019.01.31-16.16.51:737][  0]LogPakFile: Registered encryption key '00000000000000000000000000000000': 0 pak files mounted, 0 remain pending
[2019.01.31-16.16.51:737][  0]LogPakFile: Registered encryption key '00000000000000000000000000000000': 0 pak files mounted, 0 remain pending
[2019.01.31-16.16.51:737][  0]LogPakFile: Registered encryption key '00000000000000000000000000000000': 0 pak files mounted, 0 remain pending
[2019.01.31-16.16.51:738][  0]LogPakFile: Registered encryption key '00000000000000000000000000000000': 0 pak files mounted, 0 remain pending
[2019.01.31-16.16.51:738][  0]LogPakFile: Registered encryption key '00000000000000000000000000000000': 0 pak files mounted, 0 remain pending
[2019.01.31-16.16.51:739][  0]LogPakFile: Registered encryption key '00000000000000000000000000000000': 0 pak files mounted, 0 remain pending
[2019.01.31-16.16.51:739][  0]LogPakFile: Registered encryption key '00000000000000000000000000000000': 0 pak files mounted, 0 remain pending
[2019.01.31-16.16.51:739][  0]LogPakFile: Registered encryption key '00000000000000000000000000000000': 0 pak files mounted, 0 remain pending
[2019.01.31-16.16.51:740][  0]LogPakFile: Registered encryption key '00000000000000000000000000000000': 0 pak files mounted, 0 remain pending
[2019.01.31-16.16.51:760][  0]LogContentBrowser: Native class hierarchy updated for 'AddContentDialog' in 0.0004 seconds. Added 0 classes and 0 folders.
[2019.01.31-16.16.51:764][  0]LogContentBrowser: Native class hierarchy updated for 'SceneOutliner' in 0.0004 seconds. Added 1 classes and 2 folders.
[2019.01.31-16.16.51:777][  0]LogSlate: Took 0.000168 seconds to synchronously load lazily loaded font '../../../Engine/Content/Slate/Fonts/Roboto-Regular.ttf' (155K)
[2019.01.31-16.16.51:779][  0]LogSlate: Took 0.000138 seconds to synchronously load lazily loaded font '../../../Engine/Content/Slate/Fonts/Roboto-Bold.ttf' (160K)
[2019.01.31-16.16.51:783][  0]LogSlate: Took 0.000169 seconds to synchronously load lazily loaded font '../../../Engine/Content/Editor/Slate/Fonts/FontAwesome.ttf' (139K)
[2019.01.31-16.16.51:850][  0]LogRenderer: Reallocating scene render targets to support 1208x576 Format 10 NumSamples 1 (Frame:1).
[2019.01.31-16.16.51:883][  0]LogSlate: Took 0.000146 seconds to synchronously load lazily loaded font '../../../Engine/Content/Slate/Fonts/Roboto-Light.ttf' (167K)
[2019.01.31-16.16.51:928][  0]LogSlate: FSceneViewport::OnFocusLost() reason 2
[2019.01.31-16.16.51:939][  0]LogSlate: Window 'Tutorials' being destroyed
[2019.01.31-16.16.51:968][  0]LogContentBrowser: Native class hierarchy updated for 'HierarchicalLODOutliner' in 0.0004 seconds. Added 0 classes and 0 folders.
[2019.01.31-16.16.51:968][  0]LogLoad: (Engine Initialization) Total time: 10.08 seconds
[2019.01.31-16.16.51:968][  0]LogLoad: (Engine Initialization) Total Blueprint compile time: 0.00 seconds
[2019.01.31-16.16.51:978][  0]LogSteamController: SteamController is not available
[2019.01.31-16.16.52:037][  0]LogContentStreaming: Texture pool size now 1000 MB
[2019.01.31-16.16.52:160][  2]LogAssetRegistry: Asset discovery search completed in 6.2478 seconds
[2019.01.31-16.16.52:162][  2]LogCollectionManager: Rebuilt the object cache for 0 collections in 0.000001 seconds (found 0 objects)
[2019.01.31-16.16.52:162][  2]LogCollectionManager: Fixed up redirectors for 0 collections in 0.000037 seconds (updated 0 objects)
[2019.01.31-16.17.14:711][700]LogSlate: FSceneViewport::OnFocusLost() reason 0
[2019.01.31-16.17.14:901][718]LogActorFactory: Actor Factory created SM_Torii_LG
[2019.01.31-16.17.15:299][765]LogActorFactory: Actor Factory created SM_Torii_LG
[2019.01.31-16.17.19:545][268]LogSlate: FSceneViewport::OnFocusLost() reason 0
[2019.01.31-16.17.23:668][572]LogTextFormatter: Warning: Failed to parse argument "ExistingAsset" as a number (using "0" as a fallback). Please check your format string for errors: "{ExistingAsset} already exists. Do you want to replace it?".
[2019.01.31-16.17.24:758][572]LogSlate: Window 'Message' being destroyed
[2019.01.31-16.17.24:763][572]LogSlate: Window 'Save Level As' being destroyed
[2019.01.31-16.17.24:771][572]LogSlate: Took 0.000216 seconds to synchronously load lazily loaded font '../../../Engine/Content/Slate/Fonts/Roboto-Light.ttf' (167K)
[2019.01.31-16.17.24:780][572]Cmd: OBJ SAVEPACKAGE PACKAGE="/Game/Team_C/Map/HistoryProject" FILE="D:/HistoryProject/HistoryProject/Content/Team_C/Map/HistoryProject.umap" SILENT=true AUTOSAVING=false KEEPDIRTY=false
[2019.01.31-16.17.24:916][572]LogSavePackage: Moving 'D:/HistoryProject/HistoryProject/Saved/HistoryProject74FA54094F5B0C34B642CAA440A07E34.tmp' to 'D:/HistoryProject/HistoryProject/Content/Team_C/Map/HistoryProject.umap'
[2019.01.31-16.17.24:940][572]Cmd: OBJ SAVEPACKAGE PACKAGE="/Game/Team_C/Map/HistoryProject_BuiltData" FILE="D:/HistoryProject/HistoryProject/Content/Team_C/Map/HistoryProject_BuiltData.uasset" SILENT=true
[2019.01.31-16.17.24:958][572]LogSavePackage: Moving 'D:/HistoryProject/HistoryProject/Saved/HistoryProject_BuiltData3E7C52B54F5A09CA39EB729A107141A3.tmp' to 'D:/HistoryProject/HistoryProject/Content/Team_C/Map/HistoryProject_BuiltData.uasset'
[2019.01.31-16.17.24:961][572]LogFileHelpers: Saving map 'HistoryProject' took 0.192
[2019.01.31-16.17.24:962][572]Cmd: MAP LOAD FILE="D:/HistoryProject/HistoryProject/Content/Team_C/Map/HistoryProject.umap" TEMPLATE=0 SHOWPROGRESS=1 FEATURELEVEL=3
[2019.01.31-16.17.24:968][572]LightingResults: New page: Lighting Build
[2019.01.31-16.17.24:969][572]LoadErrors: New page: Loading map: HistoryProject.umap
[2019.01.31-16.17.24:970][572]MapCheck: New page: Map Check
[2019.01.31-16.17.24:970][572]LightingResults: New page: Lighting Build
[2019.01.31-16.17.25:008][572]LogAIModule: Creating AISystem for world HistoryProject
[2019.01.31-16.17.25:014][572]LogEditorServer: Finished looking for orphan Actors (0.000 secs)
[2019.01.31-16.17.25:057][572]Cmd: MAP CHECKDEP NOCLEARLOG
[2019.01.31-16.17.25:057][572]MapCheck: Map check complete: 0 Error(s), 0 Warning(s), took 0.084ms to complete.
[2019.01.31-16.17.25:057][572]LogFileHelpers: Loading map 'HistoryProject' took 0.096
[2019.01.31-16.17.32:399][292]LogTextFormatter: Warning: Failed to parse argument "ExistingAsset" as a number (using "0" as a fallback). Please check your format string for errors: "{ExistingAsset} already exists. Do you want to replace it?".
[2019.01.31-16.17.33:279][292]LogSlate: Window 'Message' being destroyed
[2019.01.31-16.17.33:285][292]LogSlate: Window 'Save Level As' being destroyed
[2019.01.31-16.17.33:297][292]Cmd: OBJ SAVEPACKAGE PACKAGE="/Game/Team_C/Map/HistoryProject" FILE="D:/HistoryProject/HistoryProject/Content/Team_C/Map/HistoryProject.umap" SILENT=true AUTOSAVING=false KEEPDIRTY=false
[2019.01.31-16.17.33:432][292]LogSavePackage: Moving 'D:/HistoryProject/HistoryProject/Saved/HistoryProject1068FDD6411D47A99323E99D9BDF49CA.tmp' to 'D:/HistoryProject/HistoryProject/Content/Team_C/Map/HistoryProject.umap'
[2019.01.31-16.17.33:453][292]Cmd: OBJ SAVEPACKAGE PACKAGE="/Game/Team_C/Map/HistoryProject_BuiltData" FILE="D:/HistoryProject/HistoryProject/Content/Team_C/Map/HistoryProject_BuiltData.uasset" SILENT=true
[2019.01.31-16.17.33:465][292]LogSavePackage: Moving 'D:/HistoryProject/HistoryProject/Saved/HistoryProject_BuiltData86F04DAD44CD18912A34DC8E8088C34F.tmp' to 'D:/HistoryProject/HistoryProject/Content/Team_C/Map/HistoryProject_BuiltData.uasset'
[2019.01.31-16.17.33:468][292]LogFileHelpers: Saving map 'HistoryProject' took 0.178
[2019.01.31-16.17.33:469][292]Cmd: MAP LOAD FILE="D:/HistoryProject/HistoryProject/Content/Team_C/Map/HistoryProject.umap" TEMPLATE=0 SHOWPROGRESS=1 FEATURELEVEL=3
[2019.01.31-16.17.33:473][292]LightingResults: New page: Lighting Build
[2019.01.31-16.17.33:474][292]LoadErrors: New page: Loading map: HistoryProject.umap
[2019.01.31-16.17.33:474][292]MapCheck: New page: Map Check
[2019.01.31-16.17.33:474][292]LightingResults: New page: Lighting Build
[2019.01.31-16.17.33:510][292]LogAIModule: Creating AISystem for world HistoryProject
[2019.01.31-16.17.33:515][292]LogEditorServer: Finished looking for orphan Actors (0.000 secs)
[2019.01.31-16.17.33:558][292]Cmd: MAP CHECKDEP NOCLEARLOG
[2019.01.31-16.17.33:558][292]MapCheck: Map check complete: 0 Error(s), 0 Warning(s), took 0.085ms to complete.
[2019.01.31-16.17.33:558][292]LogFileHelpers: Loading map 'HistoryProject' took 0.090
[2019.01.31-16.17.35:371][497]LogSlate: Window 'HistoryProject - Unreal Editor' being destroyed
[2019.01.31-16.17.35:371][497]LogWindowsTextInputMethodSystem: Display: IME system now deactivated.
[2019.01.31-16.17.35:508][498]Cmd: QUIT_EDITOR
[2019.01.31-16.17.35:532][498]LogExit: Preparing to exit.
[2019.01.31-16.17.36:062][498]LogActorComponent: UnregisterComponent: (None.None) Not registered. Aborting.
[2019.01.31-16.17.36:062][498]LogActorComponent: UnregisterComponent: (None.None) Not registered. Aborting.
[2019.01.31-16.17.36:062][498]LogActorComponent: UnregisterComponent: (None.None) Not registered. Aborting.
[2019.01.31-16.17.36:062][498]LogActorComponent: UnregisterComponent: (None.None) Not registered. Aborting.
[2019.01.31-16.17.36:062][498]LogActorComponent: UnregisterComponent: (None.None) Not registered. Aborting.
[2019.01.31-16.17.36:062][498]LogActorComponent: UnregisterComponent: (None.None) Not registered. Aborting.
[2019.01.31-16.17.36:062][498]LogActorComponent: UnregisterComponent: (None.None) Not registered. Aborting.
[2019.01.31-16.17.36:062][498]LogActorComponent: UnregisterComponent: (None.None) Not registered. Aborting.
[2019.01.31-16.17.36:062][498]LogActorComponent: UnregisterComponent: (None.None) Not registered. Aborting.
[2019.01.31-16.17.36:062][498]LogActorComponent: UnregisterComponent: (None.None) Not registered. Aborting.
[2019.01.31-16.17.36:062][498]LogActorComponent: UnregisterComponent: (None.None) Not registered. Aborting.
[2019.01.31-16.17.36:062][498]LogActorComponent: UnregisterComponent: (None.None) Not registered. Aborting.
[2019.01.31-16.17.36:062][498]LogActorComponent: UnregisterComponent: (None.None) Not registered. Aborting.
[2019.01.31-16.17.36:062][498]LogActorComponent: UnregisterComponent: (None.None) Not registered. Aborting.
[2019.01.31-16.17.36:091][498]LogExit: Editor shut down
[2019.01.31-16.17.36:092][498]LogExit: Transaction tracking system shut down
[2019.01.31-16.17.36:289][498]LogExit: Object subsystem successfully closed.
[2019.01.31-16.17.36:385][498]LogShaderCompilers: Display: Shaders left to compile 0
[2019.01.31-16.17.36:388][498]LogD3D11RHI: Shutdown
[2019.01.31-16.17.36:389][498]LogD3D11RHI: CleanupD3DDevice
[2019.01.31-16.17.36:425][498]LogD3D11RHI: ~FD3D11DynamicRHI
[2019.01.31-16.17.36:434][498]LogModuleManager: Shutting down and abandoning module HierarchicalLODOutliner (638)
[2019.01.31-16.17.36:434][498]LogModuleManager: Shutting down and abandoning module SceneOutliner (636)
[2019.01.31-16.17.36:434][498]LogModuleManager: Shutting down and abandoning module AddContentDialog (634)
[2019.01.31-16.17.36:434][498]LogModuleManager: Shutting down and abandoning module WidgetCarousel (633)
[2019.01.31-16.17.36:434][498]LogModuleManager: Shutting down and abandoning module EditorWidgets (630)
[2019.01.31-16.17.36:434][498]LogModuleManager: Shutting down and abandoning module CollectionManager (628)
[2019.01.31-16.17.36:434][498]LogModuleManager: Shutting down and abandoning module StatsViewer (626)
[2019.01.31-16.17.36:434][498]LogModuleManager: Shutting down and abandoning module FoliageEdit (624)
[2019.01.31-16.17.36:434][498]LogModuleManager: Shutting down and abandoning module LandscapeEditor (622)
[2019.01.31-16.17.36:434][498]LogModuleManager: Shutting down and abandoning module MeshPaintMode (620)
[2019.01.31-16.17.36:435][498]LogModuleManager: Shutting down and abandoning module SceneDepthPickerMode (618)
[2019.01.31-16.17.36:435][498]LogModuleManager: Shutting down and abandoning module ActorPickerMode (616)
[2019.01.31-16.17.36:435][498]LogModuleManager: Shutting down and abandoning module GeometryMode (614)
[2019.01.31-16.17.36:435][498]LogModuleManager: Shutting down and abandoning module TextureAlignMode (612)
[2019.01.31-16.17.36:435][498]LogModuleManager: Shutting down and abandoning module BspMode (610)
[2019.01.31-16.17.36:435][498]LogModuleManager: Shutting down and abandoning module PIEPreviewDeviceProfileSelector (608)
[2019.01.31-16.17.36:435][498]LogModuleManager: Shutting down and abandoning module SequenceRecorderSections (606)
[2019.01.31-16.17.36:435][498]LogModuleManager: Shutting down and abandoning module AutomationWorker (604)
[2019.01.31-16.17.36:435][498]LogModuleManager: Shutting down and abandoning module AudioCaptureEditor (602)
[2019.01.31-16.17.36:435][498]LogModuleManager: Shutting down and abandoning module MatineeToLevelSequence (600)
[2019.01.31-16.17.36:435][498]LogModuleManager: Shutting down and abandoning module LevelSequenceEditor (598)
[2019.01.31-16.17.36:435][498]LogModuleManager: Shutting down and abandoning module PlacementMode (597)
[2019.01.31-16.17.36:435][498]LogModuleManager: Shutting down and abandoning module MaterialEditor (596)
[2019.01.31-16.17.36:435][498]LogModuleManager: Shutting down and abandoning module WmfMediaFactory (592)
[2019.01.31-16.17.36:435][498]LogModuleManager: Shutting down and abandoning module WmfMediaEditor (590)
[2019.01.31-16.17.36:435][498]LogModuleManager: Shutting down and abandoning module WebMMediaFactory (588)
[2019.01.31-16.17.36:435][498]LogModuleManager: Shutting down and abandoning module WebMMediaEditor (586)
[2019.01.31-16.17.36:435][498]LogModuleManager: Shutting down and abandoning module WebMMedia (584)
[2019.01.31-16.17.36:435][498]LogModuleManager: Shutting down and abandoning module MediaPlayerEditor (582)
[2019.01.31-16.17.36:435][498]LogModuleManager: Shutting down and abandoning module MediaCompositingEditor (580)
[2019.01.31-16.17.36:435][498]LogModuleManager: Shutting down and abandoning module SequenceRecorder (579)
[2019.01.31-16.17.36:435][498]LogModuleManager: Shutting down and abandoning module OpenExrWrapper (576)
[2019.01.31-16.17.36:435][498]LogModuleManager: Shutting down and abandoning module ImgMediaFactory (574)
[2019.01.31-16.17.36:435][498]LogModuleManager: Shutting down and abandoning module ImgMediaEditor (572)
[2019.01.31-16.17.36:435][498]LogModuleManager: Shutting down and abandoning module AvfMediaFactory (570)
[2019.01.31-16.17.36:435][498]LogModuleManager: Shutting down and abandoning module AvfMediaEditor (568)
[2019.01.31-16.17.36:435][498]LogModuleManager: Shutting down and abandoning module AndroidMediaFactory (566)
[2019.01.31-16.17.36:435][498]LogModuleManager: Shutting down and abandoning module AndroidMediaEditor (564)
[2019.01.31-16.17.36:435][498]LogModuleManager: Shutting down and abandoning module MagicLeapCameraPreviewFactory (562)
[2019.01.31-16.17.36:435][498]LogModuleManager: Shutting down and abandoning module MagicLeapMediaFactory (560)
[2019.01.31-16.17.36:435][498]LogModuleManager: Shutting down and abandoning module MagicLeapMediaEditor (558)
[2019.01.31-16.17.36:435][498]LogModuleManager: Shutting down and abandoning module CharacterAI (556)
[2019.01.31-16.17.36:435][498]LogModuleManager: Shutting down and abandoning module SmartSnapping (554)
[2019.01.31-16.17.36:435][498]LogModuleManager: Shutting down and abandoning module SessionServices (552)
[2019.01.31-16.17.36:435][498]LogModuleManager: Shutting down and abandoning module ViewportSnapping (550)
[2019.01.31-16.17.36:435][498]LogModuleManager: Shutting down and abandoning module ViewportInteraction (548)
[2019.01.31-16.17.36:435][498]LogModuleManager: Shutting down and abandoning module ClothPainter (546)
[2019.01.31-16.17.36:435][498]LogModuleManager: Shutting down and abandoning module SkeletalMeshEditor (545)
[2019.01.31-16.17.36:435][498]LogModuleManager: Shutting down and abandoning module LogVisualizer (542)
[2019.01.31-16.17.36:435][498]LogModuleManager: Shutting down and abandoning module IntroTutorials (540)
[2019.01.31-16.17.36:435][498]LogModuleManager: Shutting down and abandoning module GameProjectGeneration (539)
[2019.01.31-16.17.36:435][498]LogModuleManager: Shutting down and abandoning module LuminPlatformEditor (536)
[2019.01.31-16.17.36:435][498]LogModuleManager: Shutting down and abandoning module IOSPlatformEditor (534)
[2019.01.31-16.17.36:435][498]LogModuleManager: Shutting down and abandoning module HTML5PlatformEditor (532)
[2019.01.31-16.17.36:435][498]LogModuleManager: Shutting down and abandoning module AndroidPlatformEditor (530)
[2019.01.31-16.17.36:435][498]LogModuleManager: Shutting down and abandoning module AndroidDeviceDetection (529)
[2019.01.31-16.17.37:060][498]LogModuleManager: Shutting down and abandoning module WindowsPlatformEditor (526)
[2019.01.31-16.17.37:060][498]LogModuleManager: Shutting down and abandoning module LuminRuntimeSettings (524)
[2019.01.31-16.17.37:060][498]LogModuleManager: Shutting down and abandoning module IOSRuntimeSettings (522)
[2019.01.31-16.17.37:060][498]LogModuleManager: Shutting down and abandoning module AndroidRuntimeSettings (520)
[2019.01.31-16.17.37:060][498]LogModuleManager: Shutting down and abandoning module TimeManagementEditor (518)
[2019.01.31-16.17.37:060][498]LogModuleManager: Shutting down and abandoning module InputBindingEditor (516)
[2019.01.31-16.17.37:060][498]LogModuleManager: Shutting down and abandoning module MergeActors (514)
[2019.01.31-16.17.37:060][498]LogModuleManager: Shutting down and abandoning module LocalizationDashboard (512)
[2019.01.31-16.17.37:060][498]LogModuleManager: Shutting down and abandoning module LocalizationService (511)
[2019.01.31-16.17.37:060][498]LogModuleManager: Shutting down and abandoning module HardwareTargeting (508)
[2019.01.31-16.17.37:060][498]LogModuleManager: Shutting down and abandoning module DeviceProfileEditor (506)
[2019.01.31-16.17.37:060][498]LogModuleManager: Shutting down and abandoning module UndoHistory (504)
[2019.01.31-16.17.37:060][498]LogModuleManager: Shutting down and abandoning module XmlParser (502)
[2019.01.31-16.17.37:060][498]LogModuleManager: Shutting down and abandoning module Blutility (500)
[2019.01.31-16.17.37:060][498]LogModuleManager: Shutting down and abandoning module ProjectSettingsViewer (498)
[2019.01.31-16.17.37:061][498]LogModuleManager: Shutting down and abandoning module ProjectTargetPlatformEditor (497)
[2019.01.31-16.17.37:061][498]LogModuleManager: Shutting down and abandoning module EditorSettingsViewer (494)
[2019.01.31-16.17.37:061][498]LogModuleManager: Shutting down and abandoning module SettingsEditor (492)
[2019.01.31-16.17.37:061][498]LogModuleManager: Shutting down and abandoning module ProjectLauncher (490)
[2019.01.31-16.17.37:061][498]LogModuleManager: Shutting down and abandoning module SessionFrontend (488)
[2019.01.31-16.17.37:061][498]LogModuleManager: Shutting down and abandoning module ProfilerClient (486)
[2019.01.31-16.17.37:061][498]LogModuleManager: Shutting down and abandoning module DeviceManager (484)
[2019.01.31-16.17.37:061][498]LogModuleManager: Shutting down and abandoning module TargetDeviceServices (483)
[2019.01.31-16.17.37:124][498]LogModuleManager: Shutting down and abandoning module AutomationController (480)
[2019.01.31-16.17.37:124][498]LogModuleManager: Shutting down and abandoning module AutomationWindow (478)
[2019.01.31-16.17.37:124][498]LogModuleManager: Shutting down and abandoning module Layers (476)
[2019.01.31-16.17.37:124][498]LogModuleManager: Shutting down and abandoning module ComponentVisualizers (474)
[2019.01.31-16.17.37:124][498]LogModuleManager: Shutting down and abandoning module DetailCustomizations (472)
[2019.01.31-16.17.37:124][498]LogModuleManager: Shutting down and abandoning module PackagesDialog (470)
[2019.01.31-16.17.37:124][498]LogModuleManager: Shutting down and abandoning module Persona (468)
[2019.01.31-16.17.37:124][498]LogModuleManager: Shutting down and abandoning module AdvancedPreviewScene (467)
[2019.01.31-16.17.37:124][498]LogModuleManager: Shutting down and abandoning module AnimGraph (465)
[2019.01.31-16.17.37:124][498]LogModuleManager: Shutting down and abandoning module Kismet (462)
[2019.01.31-16.17.37:125][498]LogModuleManager: Shutting down and abandoning module GraphEditor (460)
[2019.01.31-16.17.37:125][498]LogModuleManager: Shutting down and abandoning module ClassViewer (458)
[2019.01.31-16.17.37:125][498]LogModuleManager: Shutting down and abandoning module Toolbox (456)
[2019.01.31-16.17.37:125][498]LogModuleManager: Shutting down and abandoning module DesktopPlatform (455)
[2019.01.31-16.17.37:125][498]LogModuleManager: Shutting down and abandoning module ModuleUI (452)
[2019.01.31-16.17.37:125][498]LogModuleManager: Shutting down and abandoning module MovieSceneTools (450)
[2019.01.31-16.17.37:125][498]LogModuleManager: Shutting down and abandoning module OutputLog (448)
[2019.01.31-16.17.37:125][498]LogModuleManager: Shutting down and abandoning module GammaUI (446)
[2019.01.31-16.17.37:125][498]LogModuleManager: Shutting down and abandoning module Documentation (444)
[2019.01.31-16.17.37:125][498]LogModuleManager: Shutting down and abandoning module MovieSceneTracks (442)
[2019.01.31-16.17.37:125][498]LogModuleManager: Shutting down and abandoning module MovieScene (440)
[2019.01.31-16.17.37:125][498]LogModuleManager: Shutting down and abandoning module StreamingPauseRendering (438)
[2019.01.31-16.17.37:125][498]LogModuleManager: Shutting down and abandoning module LauncherPlatform (436)
[2019.01.31-16.17.37:125][498]LogModuleManager: Shutting down and abandoning module AnalyticsET (434)
[2019.01.31-16.17.37:125][498]LogModuleManager: Shutting down and abandoning module PortalServices (432)
[2019.01.31-16.17.37:125][498]LogModuleManager: Shutting down and abandoning module PortalRpc (430)
[2019.01.31-16.17.37:125][498]LogModuleManager: Shutting down and abandoning module MessagingRpc (428)
[2019.01.31-16.17.37:125][498]LogModuleManager: Shutting down and abandoning module AIModule (426)
[2019.01.31-16.17.37:125][498]LogModuleManager: Shutting down and abandoning module GameplayDebugger (425)
[2019.01.31-16.17.37:125][498]LogModuleManager: Shutting down and abandoning module AITestSuite (423)
[2019.01.31-16.17.37:125][498]LogModuleManager: Shutting down and abandoning module NavigationSystem (421)
[2019.01.31-16.17.37:125][498]LogModuleManager: Shutting down and abandoning module ImageWriteQueue (418)
[2019.01.31-16.17.37:127][498]LogModuleManager: Shutting down and abandoning module ProfilerService (416)
[2019.01.31-16.17.37:366][498]LogModuleManager: Shutting down and abandoning module TaskGraph (414)
[2019.01.31-16.17.37:366][498]LogModuleManager: Shutting down and abandoning module SteamVRController (412)
[2019.01.31-16.17.37:366][498]LogModuleManager: Shutting down and abandoning module SteamController (410)
[2019.01.31-16.17.37:366][498]LogModuleManager: Shutting down and abandoning module ProceduralMeshComponentEditor (408)
[2019.01.31-16.17.37:366][498]LogModuleManager: Shutting down and abandoning module ProceduralMeshComponent (406)
[2019.01.31-16.17.37:366][498]LogModuleManager: Shutting down and abandoning module AESHandlerComponent (404)
[2019.01.31-16.17.37:366][498]LogModuleManager: Shutting down and abandoning module OculusInput (402)
[2019.01.31-16.17.37:366][498]LogModuleManager: Shutting down and abandoning module MobilePatchingUtils (400)
[2019.01.31-16.17.37:366][498]LogModuleManager: Shutting down and abandoning module EditableMesh (398)
[2019.01.31-16.17.37:366][498]LogModuleManager: Shutting down and abandoning module CustomMeshComponent (396)
[2019.01.31-16.17.37:366][498]LogModuleManager: Shutting down and abandoning module CableComponent (394)
[2019.01.31-16.17.37:366][498]LogModuleManager: Shutting down and abandoning module AudioCapture (392)
[2019.01.31-16.17.37:366][498]LogModuleManager: Shutting down and abandoning module ArchVisCharacter (390)
[2019.01.31-16.17.37:366][498]LogModuleManager: Shutting down and abandoning module AndroidPermission (388)
[2019.01.31-16.17.37:366][498]LogModuleManager: Shutting down and abandoning module NUTUnrealEngine4 (386)
[2019.01.31-16.17.37:366][498]LogModuleManager: Shutting down and abandoning module NetcodeUnitTest (384)
[2019.01.31-16.17.37:366][498]LogModuleManager: Shutting down and abandoning module MediaCompositing (382)
[2019.01.31-16.17.37:366][498]LogModuleManager: Shutting down and abandoning module LinearTimecode (380)
[2019.01.31-16.17.37:366][498]LogModuleManager: Shutting down and abandoning module ImgMedia (378)
[2019.01.31-16.17.37:369][498]LogModuleManager: Shutting down and abandoning module PlatformCryptoOpenSSL (376)
[2019.01.31-16.17.37:369][498]LogModuleManager: Shutting down and abandoning module PlatformCrypto (374)
[2019.01.31-16.17.37:369][498]LogModuleManager: Shutting down and abandoning module HTML5Networking (372)
[2019.01.31-16.17.37:369][498]LogModuleManager: Shutting down and abandoning module GeometryCacheTracks (370)
[2019.01.31-16.17.37:369][498]LogModuleManager: Shutting down and abandoning module GeometryCacheSequencer (368)
[2019.01.31-16.17.37:369][498]LogModuleManager: Shutting down and abandoning module BackChannel (366)
[2019.01.31-16.17.37:369][498]LogModuleManager: Shutting down and abandoning module AppleVision (364)
[2019.01.31-16.17.37:369][498]LogModuleManager: Shutting down and abandoning module AppleImageUtilsBlueprintSupport (362)
[2019.01.31-16.17.37:369][498]LogModuleManager: Shutting down and abandoning module AppleImageUtils (360)
[2019.01.31-16.17.37:369][498]LogModuleManager: Shutting down and abandoning module AlembicImporter (358)
[2019.01.31-16.17.37:369][498]LogModuleManager: Shutting down and abandoning module AlembicLibrary (357)
[2019.01.31-16.17.37:369][498]LogModuleManager: Shutting down and abandoning module GeometryCache (356)
[2019.01.31-16.17.37:369][498]LogModuleManager: Shutting down and abandoning module GeometryCacheEd (355)
[2019.01.31-16.17.37:370][498]LogModuleManager: Shutting down and abandoning module VariantManagerContent (350)
[2019.01.31-16.17.37:370][498]LogModuleManager: Shutting down and abandoning module DatasmithContentEditor (348)
[2019.01.31-16.17.37:370][498]LogModuleManager: Shutting down and abandoning module SpeedTreeImporter (346)
[2019.01.31-16.17.37:370][498]LogModuleManager: Shutting down and abandoning module PluginBrowser (344)
[2019.01.31-16.17.37:370][498]LogModuleManager: Shutting down and abandoning module MobileLauncherProfileWizard (342)
[2019.01.31-16.17.37:370][498]LogModuleManager: Shutting down and abandoning module PolygonModeling (340)
[2019.01.31-16.17.37:370][498]LogModuleManager: Shutting down and abandoning module MeshEditor (338)
[2019.01.31-16.17.37:370][498]LogModuleManager: Shutting down and abandoning module CryptoKeysOpenSSL (336)
[2019.01.31-16.17.37:370][498]LogModuleManager: Shutting down and abandoning module CryptoKeys (334)
[2019.01.31-16.17.37:370][498]LogModuleManager: Shutting down and abandoning module VisualStudioSourceCodeAccess (332)
[2019.01.31-16.17.37:370][498]LogModuleManager: Shutting down and abandoning module VisualStudioCodeSourceCodeAccess (330)
[2019.01.31-16.17.37:370][498]LogModuleManager: Shutting down and abandoning module UObjectPlugin (328)
[2019.01.31-16.17.37:370][498]LogModuleManager: Shutting down and abandoning module SubversionSourceControl (326)
[2019.01.31-16.17.37:370][498]LogModuleManager: Shutting down and abandoning module PerforceSourceControl (324)
[2019.01.31-16.17.37:370][498]LogModuleManager: Shutting down and abandoning module GitSourceControl (322)
[2019.01.31-16.17.37:370][498]LogModuleManager: Shutting down and abandoning module SourceControl (321)
[2019.01.31-16.17.37:370][498]LogModuleManager: Shutting down and abandoning module CLionSourceCodeAccess (318)
[2019.01.31-16.17.37:370][498]LogModuleManager: Shutting down and abandoning module ActorLayerUtilitiesEditor (316)
[2019.01.31-16.17.37:370][498]LogModuleManager: Shutting down and abandoning module ActorLayerUtilities (314)
[2019.01.31-16.17.37:370][498]LogModuleManager: Shutting down and abandoning module LightPropagationVolumeEditor (312)
[2019.01.31-16.17.37:370][498]LogModuleManager: Shutting down and abandoning module PaperTiledImporter (310)
[2019.01.31-16.17.37:370][498]LogModuleManager: Shutting down and abandoning module PaperSpriteSheetImporter (308)
[2019.01.31-16.17.37:370][498]LogModuleManager: Shutting down and abandoning module Paper2DEditor (306)
[2019.01.31-16.17.37:370][498]LogModuleManager: Shutting down and abandoning module MeshPaint (305)
[2019.01.31-16.17.37:370][498]LogModuleManager: Shutting down and abandoning module ShooterGame (302)
[2019.01.31-16.17.37:370][498]LogModuleManager: Shutting down and abandoning module RuntimePhysXCooking (300)
[2019.01.31-16.17.37:370][498]LogModuleManager: Shutting down and abandoning module ReplicationGraph (298)
[2019.01.31-16.17.37:370][498]LogModuleManager: Shutting down and abandoning module PhysXVehiclesEditor (296)
[2019.01.31-16.17.37:370][498]LogModuleManager: Shutting down and abandoning module PhysXVehicles (294)
[2019.01.31-16.17.37:370][498]LogModuleManager: Shutting down and abandoning module OculusEditor (292)
[2019.01.31-16.17.37:370][498]LogModuleManager: Shutting down and abandoning module LocationServicesBPLibrary (290)
[2019.01.31-16.17.37:370][498]LogModuleManager: Shutting down and abandoning module ActorSequence (288)
[2019.01.31-16.17.37:370][498]LogModuleManager: Shutting down and abandoning module UdpMessaging (286)
[2019.01.31-16.17.37:472][498]LogModuleManager: Shutting down and abandoning module TcpMessaging (284)
[2019.01.31-16.17.37:572][498]LogModuleManager: Shutting down and abandoning module MagicLeapAudio (282)
[2019.01.31-16.17.37:572][498]LogModuleManager: Shutting down and abandoning module GameplayTagsEditor (280)
[2019.01.31-16.17.37:572][498]LogModuleManager: Shutting down and abandoning module FacialAnimationEditor (278)
[2019.01.31-16.17.37:572][498]LogModuleManager: Shutting down and abandoning module FacialAnimation (276)
[2019.01.31-16.17.37:572][498]LogModuleManager: Shutting down and abandoning module DataValidation (274)
[2019.01.31-16.17.37:572][498]LogModuleManager: Shutting down and abandoning module AssetManagerEditor (272)
[2019.01.31-16.17.37:572][498]LogModuleManager: Shutting down and abandoning module LevelEditor (271)
[2019.01.31-16.17.37:573][498]LogModuleManager: Shutting down and abandoning module PixelInspectorModule (270)
[2019.01.31-16.17.37:573][498]LogModuleManager: Shutting down and abandoning module CommonMenuExtensions (268)
[2019.01.31-16.17.37:573][498]LogModuleManager: Shutting down and abandoning module MainFrame (266)
[2019.01.31-16.17.37:573][498]LogModuleManager: Shutting down and abandoning module HotReload (265)
[2019.01.31-16.17.37:573][498]LogModuleManager: Shutting down and abandoning module ContentBrowser (261)
[2019.01.31-16.17.37:574][498]LogModuleManager: Shutting down and abandoning module TreeMap (259)
[2019.01.31-16.17.37:574][498]LogModuleManager: Shutting down and abandoning module LightPropagationVolumeRuntime (256)
[2019.01.31-16.17.37:574][498]LogModuleManager: Shutting down and abandoning module AISupportModule (254)
[2019.01.31-16.17.37:574][498]LogModuleManager: Shutting down and abandoning module Paper2D (252)
[2019.01.31-16.17.37:574][498]LogModuleManager: Shutting down and abandoning module WindowsMoviePlayer (250)
[2019.01.31-16.17.37:574][498]LogModuleManager: Shutting down and abandoning module WebMMoviePlayer (248)
[2019.01.31-16.17.37:574][498]LogModuleManager: Shutting down and abandoning module WmfMedia (246)
[2019.01.31-16.17.37:574][498]LogModuleManager: Shutting down and abandoning module Media (245)
[2019.01.31-16.17.37:580][498]LogModuleManager: Shutting down and abandoning module ShooterGameLoadingScreen (242)
[2019.01.31-16.17.37:580][498]LogModuleManager: Shutting down and abandoning module PacketHandler (240)
[2019.01.31-16.17.37:581][498]LogModuleManager: Shutting down and abandoning module ClothingSystemEditor (238)
[2019.01.31-16.17.37:581][498]LogModuleManager: Shutting down and abandoning module ClothingSystemRuntime (236)
[2019.01.31-16.17.37:581][498]LogModuleManager: Shutting down and abandoning module MediaAssets (234)
[2019.01.31-16.17.37:581][498]LogModuleManager: Shutting down and abandoning module Overlay (232)
[2019.01.31-16.17.37:581][498]LogModuleManager: Shutting down and abandoning module OverlayEditor (231)
[2019.01.31-16.17.37:581][498]LogModuleManager: Shutting down and abandoning module VREditor (228)
[2019.01.31-16.17.37:581][498]LogModuleManager: Shutting down and abandoning module StringTableEditor (226)
[2019.01.31-16.17.37:581][498]LogModuleManager: Shutting down and abandoning module GameplayTasksEditor (224)
[2019.01.31-16.17.37:581][498]LogModuleManager: Shutting down and abandoning module BehaviorTreeEditor (222)
[2019.01.31-16.17.37:581][498]LogModuleManager: Shutting down and abandoning module FunctionalTesting (220)
[2019.01.31-16.17.37:581][498]LogModuleManager: Shutting down and abandoning module CollisionAnalyzer (218)
[2019.01.31-16.17.37:581][498]LogModuleManager: Shutting down and abandoning module WorkspaceMenuStructure (217)
[2019.01.31-16.17.37:581][498]LogModuleManager: Shutting down and abandoning module UMG (214)
[2019.01.31-16.17.37:581][498]LogModuleManager: Shutting down and abandoning module UMGEditor (213)
[2019.01.31-16.17.37:581][498]LogModuleManager: Shutting down and abandoning module Sequencer (212)
[2019.01.31-16.17.37:581][498]LogModuleManager: Shutting down and abandoning module MessageLog (209)
[2019.01.31-16.17.37:581][498]LogModuleManager: Shutting down and abandoning module SlateReflector (204)
[2019.01.31-16.17.37:581][498]LogModuleManager: Shutting down and abandoning module Slate (202)
[2019.01.31-16.17.37:581][498]LogModuleManager: Shutting down and abandoning module EditorStyle (200)
[2019.01.31-16.17.37:582][498]LogModuleManager: Shutting down and abandoning module MRMesh (198)
[2019.01.31-16.17.37:582][498]LogModuleManager: Shutting down and abandoning module SourceCodeAccess (196)
[2019.01.31-16.17.37:583][498]LogModuleManager: Shutting down and abandoning module HeadMountedDisplay (194)
[2019.01.31-16.17.37:583][498]LogModuleManager: Shutting down and abandoning module XAudio2 (192)
[2019.01.31-16.17.37:583][498]LogModuleManager: Shutting down and abandoning module Networking (190)
[2019.01.31-16.17.37:583][498]LogModuleManager: Shutting down and abandoning module Core (188)
[2019.01.31-16.17.37:583][498]LogModuleManager: Shutting down and abandoning module LevelSequence (186)
[2019.01.31-16.17.37:583][498]LogModuleManager: Shutting down and abandoning module KismetCompiler (184)
[2019.01.31-16.17.37:583][498]LogModuleManager: Shutting down and abandoning module MeshUtilities (182)
[2019.01.31-16.17.37:583][498]LogModuleManager: Shutting down and abandoning module MeshMergeUtilities (181)
[2019.01.31-16.17.37:583][498]LogModuleManager: Shutting down and abandoning module MeshReductionInterface (180)
[2019.01.31-16.17.37:583][498]LogModuleManager: Shutting down and abandoning module SimplygonSwarm (179)
[2019.01.31-16.17.37:583][498]LogModuleManager: Shutting down and abandoning module ProxyLODMeshReduction (177)
[2019.01.31-16.17.37:583][498]LogModuleManager: Shutting down and abandoning module SimplygonMeshReduction (175)
[2019.01.31-16.17.37:583][498]LogModuleManager: Shutting down and abandoning module QuadricMeshReduction (173)
[2019.01.31-16.17.37:583][498]LogModuleManager: Shutting down and abandoning module MaterialBaking (169)
[2019.01.31-16.17.37:583][498]LogModuleManager: Shutting down and abandoning module DirectoryWatcher (165)
[2019.01.31-16.17.37:583][498]LogModuleManager: Shutting down and abandoning module DerivedDataCache (162)
[2019.01.31-16.17.37:854][498]LogDerivedDataCache: Shutdown
[2019.01.31-16.17.37:854][498]LogModuleManager: Shutting down and abandoning module XGEController (160)
[2019.01.31-16.17.37:854][498]LogXGEController: Cleaning working directory: C:/Users/100653103/AppData/Local/Temp/UnrealXGEWorkingDir/
[2019.01.31-16.17.37:854][498]LogModuleManager: Shutting down and abandoning module TargetPlatform (158)
[2019.01.31-16.17.37:854][498]LogModuleManager: Shutting down and abandoning module VulkanShaderFormat (157)
[2019.01.31-16.17.37:854][498]LogModuleManager: Shutting down and abandoning module ShaderFormatVectorVM (155)
[2019.01.31-16.17.37:854][498]LogModuleManager: Shutting down and abandoning module ShaderFormatOpenGL (153)
[2019.01.31-16.17.37:854][498]LogModuleManager: Shutting down and abandoning module ShaderFormatD3D (151)
[2019.01.31-16.17.37:854][498]LogModuleManager: Shutting down and abandoning module MetalShaderFormat (149)
[2019.01.31-16.17.37:854][498]LogModuleManager: Shutting down and abandoning module TextureFormatUncompressed (147)
[2019.01.31-16.17.37:854][498]LogModuleManager: Shutting down and abandoning module TextureFormatPVR (145)
[2019.01.31-16.17.37:854][498]LogModuleManager: Shutting down and abandoning module TextureFormatDXT (143)
[2019.01.31-16.17.37:854][498]LogModuleManager: Shutting down and abandoning module TextureFormatIntelISPCTexComp (141)
[2019.01.31-16.17.37:854][498]LogModuleManager: Shutting down and abandoning module TextureFormatASTC (139)
[2019.01.31-16.17.37:854][498]LogModuleManager: Shutting down and abandoning module ImageWrapper (138)
[2019.01.31-16.17.37:854][498]LogModuleManager: Shutting down and abandoning module TextureFormatAndroid (135)
[2019.01.31-16.17.37:854][498]LogModuleManager: Shutting down and abandoning module AudioFormatOpus (133)
[2019.01.31-16.17.37:854][498]LogModuleManager: Shutting down and abandoning module AudioFormatOgg (131)
[2019.01.31-16.17.37:854][498]LogModuleManager: Shutting down and abandoning module AudioFormatADPCM (129)
[2019.01.31-16.17.37:854][498]LogModuleManager: Shutting down and abandoning module LuminTargetPlatform (127)
[2019.01.31-16.17.37:855][498]LogModuleManager: Shutting down and abandoning module LinuxTargetPlatform (125)
[2019.01.31-16.17.37:855][498]LogModuleManager: Shutting down and abandoning module LinuxServerTargetPlatform (123)
[2019.01.31-16.17.37:855][498]LogModuleManager: Shutting down and abandoning module LinuxNoEditorTargetPlatform (121)
[2019.01.31-16.17.37:855][498]LogModuleManager: Shutting down and abandoning module LinuxClientTargetPlatform (119)
[2019.01.31-16.17.37:855][498]LogModuleManager: Shutting down and abandoning module TVOSTargetPlatform (117)
[2019.01.31-16.17.37:856][498]LogModuleManager: Shutting down and abandoning module Messaging (115)
[2019.01.31-16.17.37:856][498]LogModuleManager: Shutting down and abandoning module IOSTargetPlatform (113)
[2019.01.31-16.17.37:856][498]LogModuleManager: Shutting down and abandoning module HTML5TargetPlatform (111)
[2019.01.31-16.17.37:856][498]LogModuleManager: Shutting down and abandoning module AndroidTargetPlatform (109)
[2019.01.31-16.17.37:862][498]LogModuleManager: Shutting down and abandoning module WindowsTargetPlatform (107)
[2019.01.31-16.17.37:862][498]LogModuleManager: Shutting down and abandoning module WindowsServerTargetPlatform (105)
[2019.01.31-16.17.37:862][498]LogModuleManager: Shutting down and abandoning module WindowsNoEditorTargetPlatform (103)
[2019.01.31-16.17.37:862][498]LogModuleManager: Shutting down and abandoning module WindowsClientTargetPlatform (101)
[2019.01.31-16.17.37:862][498]LogModuleManager: Shutting down and abandoning module MacTargetPlatform (99)
[2019.01.31-16.17.37:862][498]LogModuleManager: Shutting down and abandoning module MacServerTargetPlatform (97)
[2019.01.31-16.17.37:862][498]LogModuleManager: Shutting down and abandoning module MacNoEditorTargetPlatform (95)
[2019.01.31-16.17.37:862][498]LogModuleManager: Shutting down and abandoning module MacClientTargetPlatform (93)
[2019.01.31-16.17.37:862][498]LogModuleManager: Shutting down and abandoning module AllDesktopTargetPlatform (91)
[2019.01.31-16.17.37:862][498]LogModuleManager: Shutting down and abandoning module InputCore (88)
[2019.01.31-16.17.37:863][498]LogModuleManager: Shutting down and abandoning module Settings (86)
[2019.01.31-16.17.37:863][498]LogModuleManager: Shutting down and abandoning module PhysXCooking (84)
[2019.01.31-16.17.37:863][498]LogModuleManager: Shutting down and abandoning module SteamVR (82)
[2019.01.31-16.17.37:863][498]LogHMD: Freeing OpenVRDLLHandle.
[2019.01.31-16.17.37:863][498]LogModuleManager: Shutting down and abandoning module OculusHMD (80)
[2019.01.31-16.17.37:863][498]LogModuleManager: Shutting down and abandoning module ExampleDeviceProfileSelector (78)
[2019.01.31-16.17.37:863][498]LogModuleManager: Shutting down and abandoning module LauncherChunkInstaller (76)
[2019.01.31-16.17.37:863][498]LogModuleManager: Shutting down and abandoning module OnlineBlueprintSupport (74)
[2019.01.31-16.17.37:863][498]LogModuleManager: Shutting down and abandoning module OnlineSubsystem (70)
[2019.01.31-16.17.37:864][498]LogOnline: Verbose: OSS: Unloading online subsystem: STEAM
[2019.01.31-16.17.37:864][498]LogOnline: Verbose: OSS: Unloading online subsystem: NULL
[2019.01.31-16.17.37:864][498]LogModuleManager: Shutting down and abandoning module XMPP (63)
[2019.01.31-16.17.37:864][498]LogModuleManager: Shutting down and abandoning module WebSockets (62)
[2019.01.31-16.17.37:887][498]LogModuleManager: Shutting down and abandoning module HTTP (59)
[2019.01.31-16.17.37:887][498]LogHttp: Display: Http module shutting down, but needs to wait on 1 outstanding Http requests:
[2019.01.31-16.17.37:887][498]LogHttp: Display: 	verb=[POST] url=[https://datarouter.ol.epicgames.com/datarouter/api/v1/public/data?SessionID=%7B05794A82-43B6-BE07-5375-F581B34D1A9A%7D&AppID=UEEditor.Rocket.Release&AppVersion=4.21.2-4753647%2B%2B%2BUE4%2BRelease-4.21&UserID=e8569f9741883550258708877298ee17%7C4129bf30eb08410b8d039ebf646d993b%7C071fc76d-c16c-4e9a-8edf-8ca64c8b6d42&AppEnvironment=datacollector-binary&UploadType=eteventstream] status=Processing
[2019.01.31-16.17.37:903][498]LogModuleManager: Shutting down and abandoning module SSL (58)
[2019.01.31-16.17.37:904][498]LogModuleManager: Shutting down and abandoning module MagicLeapIdentity (54)
[2019.01.31-16.17.37:904][498]LogModuleManager: Shutting down and abandoning module MagicLeapHelperVulkan (52)
[2019.01.31-16.17.37:904][498]LogModuleManager: Shutting down and abandoning module MagicLeapHelperOpenGL (50)
[2019.01.31-16.17.37:904][498]LogModuleManager: Shutting down and abandoning module MagicLeapSecureStorage (48)
[2019.01.31-16.17.37:904][498]LogModuleManager: Shutting down and abandoning module MagicLeapHandTracking (46)
[2019.01.31-16.17.37:904][498]LogModuleManager: Shutting down and abandoning module MagicLeapEyeTracker (44)
[2019.01.31-16.17.37:904][498]LogModuleManager: Shutting down and abandoning module MagicLeapController (42)
[2019.01.31-16.17.37:904][498]LogSlate: Slate User Destroyed.  User Index 0, Is Virtual User: 0
[2019.01.31-16.17.37:904][498]LogModuleManager: Shutting down and abandoning module MagicLeap (40)
[2019.01.31-16.17.37:904][498]LogModuleManager: Shutting down and abandoning module DatasmithContent (38)
[2019.01.31-16.17.37:905][498]LogModuleManager: Shutting down and abandoning module AnimationModifiers (36)
[2019.01.31-16.17.37:905][498]LogModuleManager: Shutting down and abandoning module PropertyEditor (35)
[2019.01.31-16.17.37:905][498]LogModuleManager: Shutting down and abandoning module AudioEditor (32)
[2019.01.31-16.17.37:905][498]LogModuleManager: Shutting down and abandoning module TextureCompressor (30)
[2019.01.31-16.17.37:905][498]LogModuleManager: Shutting down and abandoning module ShaderCore (28)
[2019.01.31-16.17.37:905][498]LogModuleManager: Shutting down and abandoning module Landscape (26)
[2019.01.31-16.17.37:905][498]LogModuleManager: Shutting down and abandoning module SlateRHIRenderer (24)
[2019.01.31-16.17.37:905][498]LogModuleManager: Shutting down and abandoning module OpenGLDrv (22)
[2019.01.31-16.17.37:905][498]LogModuleManager: Shutting down and abandoning module D3D11RHI (20)
[2019.01.31-16.17.37:905][498]LogModuleManager: Shutting down and abandoning module AnimGraphRuntime (18)
[2019.01.31-16.17.37:905][498]LogModuleManager: Shutting down and abandoning module Renderer (16)
[2019.01.31-16.17.37:905][498]LogModuleManager: Shutting down and abandoning module Engine (14)
[2019.01.31-16.17.37:905][498]LogModuleManager: Shutting down and abandoning module CoreUObject (12)
[2019.01.31-16.17.37:905][498]LogModuleManager: Shutting down and abandoning module NetworkFile (10)
[2019.01.31-16.17.37:905][498]LogModuleManager: Shutting down and abandoning module CookedIterativeFile (8)
[2019.01.31-16.17.37:905][498]LogModuleManager: Shutting down and abandoning module StreamingFile (6)
[2019.01.31-16.17.37:905][498]LogModuleManager: Shutting down and abandoning module SandboxFile (4)
[2019.01.31-16.17.37:905][498]LogModuleManager: Shutting down and abandoning module PakFile (2)
[2019.01.31-16.17.37:911][498]LogExit: Exiting.
[2019.01.31-16.17.37:923][498]Log file closed, 01/31/19 11:17:37
